2020-11-10 14:14:55 [INFO] log initialize finish.
2020-11-10 14:14:55 [INFO] database initialize finish.
2020-11-10 14:14:55 [ERROR] GET http://www.data5u.com/free/index.shtml failed, status code:Forbidden
2020-11-10 14:14:55 [ERROR] GET http://www.ip181.com/ failed, status code:Internal Server Error
2020-11-10 14:14:55 [ERROR] can not found correct format ip address in url:http://www.89ip.cn/tiqv.php?sxb=&tqsl=20&ports=&ktip=&xl=on&submit=%CC%E1++%C8%A1
2020-11-10 14:19:00 [INFO] log initialize finish.
2020-11-10 14:19:00 [INFO] database initialize finish.
2020-11-10 14:19:00 [ERROR] GET http://www.data5u.com/free/index.shtml failed, status code:Forbidden
2020-11-10 14:19:00 [ERROR] GET http://www.ip181.com/ failed, status code:Internal Server Error
2020-11-10 14:19:00 [ERROR] can not found correct format ip address in url:http://www.89ip.cn/tiqv.php?sxb=&tqsl=20&ports=&ktip=&xl=on&submit=%CC%E1++%C8%A1
2020-11-10 14:19:22 [INFO] log initialize finish.
2020-11-10 14:19:22 [INFO] database initialize finish.
2020-11-10 14:19:23 [ERROR] GET http://www.data5u.com/free/index.shtml failed, status code:Forbidden
2020-11-10 14:19:23 [ERROR] GET http://www.ip181.com/ failed, status code:Internal Server Error
2020-11-10 14:19:23 [ERROR] can not found correct format ip address in url:http://www.89ip.cn/tiqv.php?sxb=&tqsl=20&ports=&ktip=&xl=on&submit=%CC%E1++%C8%A1
2020-11-10 14:57:43 [INFO] log initialize finish.
2020-11-10 14:57:43 [INFO] database initialize finish.
2020-11-10 14:57:43 [ERROR] GET http://www.data5u.com/free/index.shtml failed, status code:Forbidden
2020-11-10 14:57:43 [ERROR] GET http://www.ip181.com/ failed, status code:Internal Server Error
2020-11-10 14:57:43 [ERROR] can not found correct format ip address in url:http://www.89ip.cn/tiqv.php?sxb=&tqsl=20&ports=&ktip=&xl=on&submit=%CC%E1++%C8%A1
2020-11-10 14:59:12 [INFO] log initialize finish.
2020-11-10 14:59:12 [INFO] database initialize finish.
2020-11-10 14:59:13 [ERROR] GET http://www.data5u.com/free/index.shtml failed, status code:Forbidden
2020-11-10 14:59:13 [ERROR] GET http://www.ip181.com/ failed, status code:Internal Server Error
2020-11-10 14:59:31 [INFO] log initialize finish.
2020-11-10 14:59:31 [INFO] database initialize finish.
2020-11-10 14:59:31 [ERROR] GET http://www.data5u.com/free/index.shtml failed, status code:Forbidden
2020-11-10 14:59:31 [ERROR] GET http://www.ip181.com/ failed, status code:Internal Server Error
2020-11-10 14:59:31 [ERROR] [Get "https://proxy.coderbusy.com/classical/https-ready.aspx?page=1": stream error: stream ID 1; CANCEL]
2020-11-10 14:59:32 [ERROR] can not found correct format ip address in url:http://www.89ip.cn/tiqv.php?sxb=&tqsl=20&ports=&ktip=&xl=on&submit=%CC%E1++%C8%A1
2020-11-10 14:59:34 [ERROR] [Get "http://www.xicidaili.com/nn/1": dial tcp 123.57.85.224:80: connectex: No connection could be made because the target machine actively refused it.]
2020-11-10 14:59:41 [ERROR] GET http://www.data5u.com/free/gngn/index.shtml failed, status code:Forbidden
2020-11-10 14:59:45 [ERROR] [Get "https://proxy.coderbusy.com/classical/https-ready.aspx?page=2": stream error: stream ID 1; CANCEL]
2020-11-10 14:59:48 [ERROR] GET http://www.data5u.com/free/gnpt/index.shtml failed, status code:Forbidden
2020-11-10 14:59:54 [ERROR] [Get "http://www.xicidaili.com/nn/2": dial tcp 123.57.85.224:80: connectex: No connection could be made because the target machine actively refused it.]
2020-11-10 14:59:58 [ERROR] GET http://www.data5u.com/free/gwgn/index.shtml failed, status code:Forbidden
2020-11-10 15:00:00 [ERROR] [Get "https://proxy.coderbusy.com/classical/https-ready.aspx?page=3": stream error: stream ID 1; CANCEL]
2020-11-10 15:00:04 [ERROR] [Get "http://www.xicidaili.com/nn/3": dial tcp 123.57.85.224:80: connectex: No connection could be made because the target machine actively refused it.]
2020-11-10 15:00:09 [ERROR] GET http://www.data5u.com/free/gwpt/index.shtml failed, status code:Forbidden
2020-11-10 15:00:09 [ERROR] [Get "https://proxy.coderbusy.com/classical/https-ready.aspx?page=4": stream error: stream ID 1; CANCEL]
2020-11-10 15:00:19 [ERROR] [Get "https://proxy.coderbusy.com/classical/https-ready.aspx?page=5": stream error: stream ID 1; CANCEL]
2020-11-10 15:00:26 [ERROR] [Get "https://proxy.coderbusy.com/classical/https-ready.aspx?page=6": stream error: stream ID 1; CANCEL]
2020-11-10 15:00:36 [ERROR] [Get "https://proxy.coderbusy.com/classical/https-ready.aspx?page=7": stream error: stream ID 1; CANCEL]
2020-11-10 15:00:48 [ERROR] [Get "https://proxy.coderbusy.com/classical/https-ready.aspx?page=8": stream error: stream ID 1; CANCEL]
2020-11-10 15:01:03 [ERROR] [Get "https://proxy.coderbusy.com/classical/https-ready.aspx?page=9": stream error: stream ID 1; CANCEL]
2020-11-10 15:01:18 [ERROR] [Get "https://proxy.coderbusy.com/classical/https-ready.aspx?page=10": stream error: stream ID 1; CANCEL]
2020-11-10 15:01:28 [ERROR] [Get "https://proxy.coderbusy.com/classical/https-ready.aspx?page=11": stream error: stream ID 1; CANCEL]
2020-11-10 15:01:35 [ERROR] [Get "https://proxy.coderbusy.com/classical/https-ready.aspx?page=12": stream error: stream ID 1; CANCEL]
2020-11-10 15:01:45 [ERROR] [Get "https://proxy.coderbusy.com/classical/https-ready.aspx?page=13": stream error: stream ID 1; CANCEL]
2020-11-10 15:01:51 [ERROR] [Get "https://proxy.coderbusy.com/classical/https-ready.aspx?page=14": stream error: stream ID 1; CANCEL]
2020-11-10 15:02:03 [ERROR] [Get "https://proxy.coderbusy.com/classical/https-ready.aspx?page=15": stream error: stream ID 1; CANCEL]
2020-11-10 15:05:19 [INFO] log initialize finish.
2020-11-10 15:05:19 [INFO] database initialize finish.
2020-11-10 15:05:19 [ERROR] GET http://www.data5u.com/free/index.shtml failed, status code:Forbidden
2020-11-10 15:05:19 [ERROR] GET http://www.ip181.com/ failed, status code:Internal Server Error
2020-11-10 15:05:19 [ERROR] can not found correct format ip address in url:http://www.89ip.cn/tiqv.php?sxb=&tqsl=20&ports=&ktip=&xl=on&submit=%CC%E1++%C8%A1
2020-11-10 15:05:19 [ERROR] [Get "https://proxy.coderbusy.com/classical/https-ready.aspx?page=1": stream error: stream ID 1; CANCEL]
2020-11-10 15:05:27 [ERROR] [Get "http://www.xicidaili.com/nn/1": dial tcp 123.57.85.224:80: connectex: A connection attempt failed because the connected party did not properly respond after a period of time, or established connection failed because connected host has failed to respond.]
2020-11-10 15:05:28 [ERROR] GET http://www.data5u.com/free/gngn/index.shtml failed, status code:Forbidden
2020-11-10 15:05:28 [ERROR] [Get "https://proxy.coderbusy.com/classical/https-ready.aspx?page=2": stream error: stream ID 1; CANCEL]
2020-11-10 15:05:39 [ERROR] GET http://www.data5u.com/free/gnpt/index.shtml failed, status code:Forbidden
2020-11-10 15:05:39 [ERROR] [Get "https://proxy.coderbusy.com/classical/https-ready.aspx?page=3": stream error: stream ID 1; CANCEL]
2020-11-10 15:05:46 [INFO] log initialize finish.
2020-11-10 15:05:46 [INFO] database initialize finish.
2020-11-10 15:05:46 [ERROR] GET http://www.data5u.com/free/index.shtml failed, status code:Forbidden
2020-11-10 15:05:46 [ERROR] can not found correct format ip address in url:http://www.89ip.cn/tiqv.php?sxb=&tqsl=20&ports=&ktip=&xl=on&submit=%CC%E1++%C8%A1
2020-11-10 15:05:46 [ERROR] [Get "https://proxy.coderbusy.com/classical/https-ready.aspx?page=1": stream error: stream ID 1; CANCEL]
2020-11-10 15:05:48 [ERROR] [Get "http://www.xicidaili.com/nn/1": dial tcp 123.57.85.224:80: connectex: No connection could be made because the target machine actively refused it.]
2020-11-10 15:05:49 [ERROR] GET http://www.ip181.com/ failed, status code:Internal Server Error
2020-11-10 15:05:53 [ERROR] GET http://www.data5u.com/free/gngn/index.shtml failed, status code:Forbidden
2020-11-10 15:05:54 [ERROR] [Get "https://proxy.coderbusy.com/classical/https-ready.aspx?page=2": stream error: stream ID 1; CANCEL]
2020-11-10 15:06:03 [ERROR] [Get "http://www.xicidaili.com/nn/2": dial tcp 123.57.85.224:80: connectex: No connection could be made because the target machine actively refused it.]
2020-11-10 15:06:06 [ERROR] GET http://www.data5u.com/free/gnpt/index.shtml failed, status code:Forbidden
2020-11-10 15:06:08 [ERROR] [Get "https://proxy.coderbusy.com/classical/https-ready.aspx?page=3": stream error: stream ID 1; CANCEL]
2020-11-10 15:06:20 [ERROR] [Get "http://www.xicidaili.com/nn/3": dial tcp 123.57.85.224:80: connectex: No connection could be made because the target machine actively refused it.]
2020-11-10 15:06:21 [ERROR] GET http://www.data5u.com/free/gwgn/index.shtml failed, status code:Forbidden
2020-11-10 15:06:22 [ERROR] [Get "https://proxy.coderbusy.com/classical/https-ready.aspx?page=4": stream error: stream ID 1; CANCEL]
2020-11-10 15:06:30 [INFO] log initialize finish.
2020-11-10 15:06:30 [INFO] database initialize finish.
2020-11-10 15:06:30 [ERROR] GET http://www.ip181.com/ failed, status code:Internal Server Error
2020-11-10 15:06:30 [ERROR] [Get "https://proxy.coderbusy.com/classical/https-ready.aspx?page=1": stream error: stream ID 1; CANCEL]
2020-11-10 15:06:32 [ERROR] can not found correct format ip address in url:http://www.89ip.cn/tiqv.php?sxb=&tqsl=20&ports=&ktip=&xl=on&submit=%CC%E1++%C8%A1
2020-11-10 15:06:33 [ERROR] GET http://www.data5u.com/free/index.shtml failed, status code:Forbidden
2020-11-10 15:06:34 [ERROR] [Get "http://www.xicidaili.com/nn/1": dial tcp 123.57.85.224:80: connectex: No connection could be made because the target machine actively refused it.]
2020-11-10 15:06:41 [ERROR] [Get "https://proxy.coderbusy.com/classical/https-ready.aspx?page=2": stream error: stream ID 1; CANCEL]
2020-11-10 15:06:46 [ERROR] [Get "http://www.xicidaili.com/nn/2": dial tcp 123.57.85.224:80: connectex: No connection could be made because the target machine actively refused it.]
2020-11-10 15:06:47 [ERROR] [Get "https://proxy.coderbusy.com/classical/https-ready.aspx?page=3": stream error: stream ID 1; CANCEL]
2020-11-10 15:06:47 [ERROR] GET http://www.data5u.com/free/gngn/index.shtml failed, status code:Forbidden
2020-11-10 15:06:54 [ERROR] [Get "http://www.xicidaili.com/nn/3": dial tcp 123.57.85.224:80: connectex: No connection could be made because the target machine actively refused it.]
2020-11-10 15:06:57 [ERROR] [Get "https://proxy.coderbusy.com/classical/https-ready.aspx?page=4": stream error: stream ID 1; CANCEL]
2020-11-10 15:06:57 [ERROR] GET http://www.data5u.com/free/gnpt/index.shtml failed, status code:Forbidden
2020-11-10 15:07:10 [ERROR] [Get "https://proxy.coderbusy.com/classical/https-ready.aspx?page=5": stream error: stream ID 1; CANCEL]
2020-11-10 15:07:10 [ERROR] GET http://www.data5u.com/free/gwgn/index.shtml failed, status code:Forbidden
2020-11-10 15:07:19 [ERROR] [Get "https://proxy.coderbusy.com/classical/https-ready.aspx?page=6": stream error: stream ID 1; CANCEL]
2020-11-10 15:07:20 [ERROR] GET http://www.data5u.com/free/gwpt/index.shtml failed, status code:Forbidden
2020-11-10 15:07:29 [ERROR] [Get "https://proxy.coderbusy.com/classical/https-ready.aspx?page=7": stream error: stream ID 1; CANCEL]
2020-11-10 15:07:39 [ERROR] [Get "https://proxy.coderbusy.com/classical/https-ready.aspx?page=8": stream error: stream ID 1; CANCEL]
2020-11-10 15:07:53 [ERROR] [Get "https://proxy.coderbusy.com/classical/https-ready.aspx?page=9": stream error: stream ID 1; CANCEL]
2020-11-10 15:08:06 [ERROR] [Get "https://proxy.coderbusy.com/classical/https-ready.aspx?page=10": stream error: stream ID 1; CANCEL]
2020-11-10 15:08:19 [INFO] log initialize finish.
2020-11-10 15:08:19 [INFO] database initialize finish.
2020-11-10 15:08:48 [INFO] log initialize finish.
2020-11-10 15:08:48 [INFO] database initialize finish.
2020-11-10 15:08:48 [ERROR] GET http://www.data5u.com/free/index.shtml failed, status code:Forbidden
2020-11-10 15:08:49 [ERROR] [Get "https://proxy.coderbusy.com/classical/https-ready.aspx?page=1": stream error: stream ID 1; CANCEL]
2020-11-10 15:08:49 [ERROR] can not found correct format ip address in url:http://www.89ip.cn/tiqv.php?sxb=&tqsl=20&ports=&ktip=&xl=on&submit=%CC%E1++%C8%A1
2020-11-10 15:08:49 [ERROR] GET http://www.ip181.com/ failed, status code:Internal Server Error
2020-11-10 15:08:50 [ERROR] [Get "http://www.xicidaili.com/nn/1": dial tcp 123.57.85.224:80: connectex: No connection could be made because the target machine actively refused it.]
2020-11-10 15:08:56 [ERROR] GET http://www.data5u.com/free/gngn/index.shtml failed, status code:Forbidden
2020-11-10 15:08:58 [ERROR] [Get "https://proxy.coderbusy.com/classical/https-ready.aspx?page=2": stream error: stream ID 1; CANCEL]
2020-11-10 16:07:58 [INFO] log initialize finish.
2020-11-10 16:07:58 [INFO] database initialize finish.
2020-11-10 16:07:58 [ERROR] GET http://www.data5u.com/free/index.shtml failed, status code:Forbidden
2020-11-10 16:07:58 [ERROR] can not found correct format ip address in url:http://www.89ip.cn/tiqv.php?sxb=&tqsl=20&ports=&ktip=&xl=on&submit=%CC%E1++%C8%A1
2020-11-10 16:07:58 [ERROR] [Get "https://proxy.coderbusy.com/classical/https-ready.aspx?page=1": stream error: stream ID 1; CANCEL]
2020-11-10 16:07:58 [ERROR] GET http://www.ip181.com/ failed, status code:Internal Server Error
2020-11-10 16:08:00 [ERROR] [Get "http://www.xicidaili.com/nn/1": dial tcp 123.57.85.224:80: connectex: No connection could be made because the target machine actively refused it.]
2020-11-10 16:08:38 [INFO] log initialize finish.
2020-11-10 16:08:38 [INFO] database initialize finish.
2020-11-10 16:08:38 [ERROR] GET http://www.data5u.com/free/index.shtml failed, status code:Forbidden
2020-11-10 16:08:38 [ERROR] GET http://www.ip181.com/ failed, status code:Internal Server Error
2020-11-10 16:08:38 [ERROR] can not found correct format ip address in url:http://www.89ip.cn/tiqv.php?sxb=&tqsl=20&ports=&ktip=&xl=on&submit=%CC%E1++%C8%A1
2020-11-10 16:08:38 [ERROR] [Get "https://proxy.coderbusy.com/classical/https-ready.aspx?page=1": stream error: stream ID 1; CANCEL]
2020-11-10 16:08:40 [ERROR] [Get "http://www.xicidaili.com/nn/1": dial tcp 123.57.85.224:80: connectex: No connection could be made because the target machine actively refused it.]
2020-11-10 16:09:11 [INFO] log initialize finish.
2020-11-10 16:09:11 [INFO] database initialize finish.
2020-11-10 16:09:11 [ERROR] GET http://www.data5u.com/free/index.shtml failed, status code:Forbidden
2020-11-10 16:09:11 [ERROR] GET http://www.ip181.com/ failed, status code:Internal Server Error
2020-11-10 16:09:11 [ERROR] [Get "https://proxy.coderbusy.com/classical/https-ready.aspx?page=1": stream error: stream ID 1; CANCEL]
2020-11-10 16:09:13 [ERROR] [Get "http://www.xicidaili.com/nn/1": dial tcp 123.57.85.224:80: connectex: No connection could be made because the target machine actively refused it.]
2020-11-10 16:09:14 [ERROR] can not found correct format ip address in url:http://www.89ip.cn/tiqv.php?sxb=&tqsl=20&ports=&ktip=&xl=on&submit=%CC%E1++%C8%A1
2020-11-10 16:09:17 [ERROR] GET http://www.data5u.com/free/gngn/index.shtml failed, status code:Forbidden
2020-11-10 16:09:17 [ERROR] [Get "https://proxy.coderbusy.com/classical/https-ready.aspx?page=2": stream error: stream ID 1; CANCEL]
2020-11-10 16:11:04 [INFO] log initialize finish.
2020-11-10 16:11:04 [INFO] database initialize finish.
2020-11-10 16:11:05 [ERROR] GET http://www.data5u.com/free/index.shtml failed, status code:Forbidden
2020-11-10 16:11:05 [ERROR] GET http://www.ip181.com/ failed, status code:Internal Server Error
2020-11-10 16:11:05 [ERROR] can not found correct format ip address in url:http://www.89ip.cn/tiqv.php?sxb=&tqsl=20&ports=&ktip=&xl=on&submit=%CC%E1++%C8%A1
2020-11-10 16:11:05 [ERROR] [Get "https://proxy.coderbusy.com/classical/https-ready.aspx?page=1": stream error: stream ID 1; CANCEL]
2020-11-10 16:11:07 [ERROR] [Get "http://www.xicidaili.com/nn/1": dial tcp 123.57.85.224:80: connectex: No connection could be made because the target machine actively refused it.]
2020-11-10 16:12:34 [INFO] log initialize finish.
2020-11-10 16:12:34 [INFO] database initialize finish.
2020-11-10 16:12:34 [ERROR] GET http://www.data5u.com/free/index.shtml failed, status code:Forbidden
2020-11-10 16:12:34 [ERROR] GET http://www.ip181.com/ failed, status code:Internal Server Error
2020-11-10 16:12:35 [ERROR] can not found correct format ip address in url:http://www.89ip.cn/tiqv.php?sxb=&tqsl=20&ports=&ktip=&xl=on&submit=%CC%E1++%C8%A1
2020-11-10 16:12:37 [ERROR] [Get "http://www.xicidaili.com/nn/1": dial tcp 123.57.85.224:80: connectex: No connection could be made because the target machine actively refused it.]
2020-11-10 16:12:38 [ERROR] [Get "https://proxy.coderbusy.com/classical/https-ready.aspx?page=1": stream error: stream ID 1; CANCEL]
2020-11-10 16:12:45 [ERROR] [Get "http://www.xicidaili.com/nn/2": dial tcp 123.57.85.224:80: connectex: No connection could be made because the target machine actively refused it.]
2020-11-10 16:12:47 [ERROR] [Get "https://proxy.coderbusy.com/classical/https-ready.aspx?page=2": stream error: stream ID 1; CANCEL]
2020-11-10 16:12:55 [ERROR] GET http://www.data5u.com/free/gngn/index.shtml failed, status code:Forbidden
2020-11-10 16:12:56 [ERROR] [Get "https://proxy.coderbusy.com/classical/https-ready.aspx?page=3": stream error: stream ID 1; CANCEL]
2020-11-10 16:13:01 [ERROR] [Get "http://www.xicidaili.com/nn/3": dial tcp 123.57.85.224:80: connectex: No connection could be made because the target machine actively refused it.]
2020-11-10 16:13:06 [ERROR] GET http://www.data5u.com/free/gnpt/index.shtml failed, status code:Forbidden
2020-11-10 16:13:11 [ERROR] [Get "https://proxy.coderbusy.com/classical/https-ready.aspx?page=4": stream error: stream ID 1; CANCEL]
2020-11-10 16:13:14 [ERROR] GET http://www.data5u.com/free/gwgn/index.shtml failed, status code:Forbidden
2020-11-10 16:13:23 [ERROR] GET http://www.data5u.com/free/gwpt/index.shtml failed, status code:Forbidden
2020-11-10 16:13:24 [ERROR] [Get "https://proxy.coderbusy.com/classical/https-ready.aspx?page=5": stream error: stream ID 1; CANCEL]
2020-11-10 16:13:33 [ERROR] [Get "https://proxy.coderbusy.com/classical/https-ready.aspx?page=6": stream error: stream ID 1; CANCEL]
2020-11-10 16:13:47 [ERROR] [Get "https://proxy.coderbusy.com/classical/https-ready.aspx?page=7": stream error: stream ID 1; CANCEL]
2020-11-10 16:13:59 [ERROR] [Get "https://proxy.coderbusy.com/classical/https-ready.aspx?page=8": stream error: stream ID 1; CANCEL]
2020-11-10 16:14:05 [ERROR] [Get "https://proxy.coderbusy.com/classical/https-ready.aspx?page=9": stream error: stream ID 1; CANCEL]
2020-11-10 16:14:16 [ERROR] [Get "https://proxy.coderbusy.com/classical/https-ready.aspx?page=10": stream error: stream ID 1; CANCEL]
2020-11-10 16:14:28 [ERROR] [Get "https://proxy.coderbusy.com/classical/https-ready.aspx?page=11": stream error: stream ID 1; CANCEL]
2020-11-10 16:14:36 [INFO] log initialize finish.
2020-11-10 16:14:36 [INFO] database initialize finish.
2020-11-10 16:14:36 [ERROR] GET http://www.data5u.com/free/index.shtml failed, status code:Forbidden
2020-11-10 16:14:36 [ERROR] GET http://www.ip181.com/ failed, status code:Internal Server Error
2020-11-10 16:14:36 [ERROR] can not found correct format ip address in url:http://www.89ip.cn/tiqv.php?sxb=&tqsl=20&ports=&ktip=&xl=on&submit=%CC%E1++%C8%A1
2020-11-10 16:14:36 [ERROR] [Get "https://proxy.coderbusy.com/classical/https-ready.aspx?page=1": stream error: stream ID 1; CANCEL]
2020-11-10 16:14:39 [ERROR] [Get "http://www.xicidaili.com/nn/1": dial tcp 123.57.85.224:80: connectex: No connection could be made because the target machine actively refused it.]
2020-11-10 16:14:47 [ERROR] GET http://www.data5u.com/free/gngn/index.shtml failed, status code:Forbidden
2020-11-10 16:14:47 [ERROR] [Get "https://proxy.coderbusy.com/classical/https-ready.aspx?page=2": stream error: stream ID 1; CANCEL]
2020-11-10 16:14:54 [ERROR] [Get "http://www.xicidaili.com/nn/2": dial tcp 123.57.85.224:80: connectex: No connection could be made because the target machine actively refused it.]
2020-11-10 16:14:59 [ERROR] GET http://www.data5u.com/free/gnpt/index.shtml failed, status code:Forbidden
2020-11-10 16:15:03 [ERROR] [Get "https://proxy.coderbusy.com/classical/https-ready.aspx?page=3": stream error: stream ID 1; CANCEL]
2020-11-10 16:15:07 [ERROR] [Get "http://www.xicidaili.com/nn/3": dial tcp 123.57.85.224:80: connectex: No connection could be made because the target machine actively refused it.]
2020-11-10 16:15:09 [ERROR] [Get "https://proxy.coderbusy.com/classical/https-ready.aspx?page=4": stream error: stream ID 1; CANCEL]
2020-11-10 16:15:10 [ERROR] GET http://www.data5u.com/free/gwgn/index.shtml failed, status code:Forbidden
2020-11-10 16:15:17 [ERROR] [Get "https://proxy.coderbusy.com/classical/https-ready.aspx?page=5": stream error: stream ID 1; CANCEL]
2020-11-10 16:15:17 [ERROR] GET http://www.data5u.com/free/gwpt/index.shtml failed, status code:Forbidden
2020-11-10 16:15:31 [ERROR] [Get "https://proxy.coderbusy.com/classical/https-ready.aspx?page=6": stream error: stream ID 1; CANCEL]
2020-11-10 16:15:36 [ERROR] [Get "https://proxy.coderbusy.com/classical/https-ready.aspx?page=7": stream error: stream ID 1; CANCEL]
2020-11-10 16:15:47 [ERROR] [Get "https://proxy.coderbusy.com/classical/https-ready.aspx?page=8": stream error: stream ID 1; CANCEL]
2020-11-10 16:16:16 [ERROR] [Get "https://proxy.coderbusy.com/classical/https-ready.aspx?page=9": stream error: stream ID 1; CANCEL]
2020-11-10 16:16:29 [ERROR] [Get "https://proxy.coderbusy.com/classical/https-ready.aspx?page=10": stream error: stream ID 1; CANCEL]
2020-11-10 16:16:41 [ERROR] [Get "https://proxy.coderbusy.com/classical/https-ready.aspx?page=11": stream error: stream ID 1; CANCEL]
2020-11-10 16:16:54 [ERROR] [Get "https://proxy.coderbusy.com/classical/https-ready.aspx?page=12": stream error: stream ID 1; CANCEL]
2020-11-10 16:17:04 [ERROR] [Get "https://proxy.coderbusy.com/classical/https-ready.aspx?page=13": stream error: stream ID 1; CANCEL]
2020-11-10 16:17:10 [ERROR] [Get "https://proxy.coderbusy.com/classical/https-ready.aspx?page=14": stream error: stream ID 1; CANCEL]
2020-11-10 16:19:24 [INFO] log initialize finish.
2020-11-10 16:19:24 [INFO] database initialize finish.
2020-11-10 16:19:24 [ERROR] GET http://www.data5u.com/free/index.shtml failed, status code:Forbidden
2020-11-10 16:19:24 [ERROR] can not found correct format ip address in url:http://www.89ip.cn/tiqv.php?sxb=&tqsl=20&ports=&ktip=&xl=on&submit=%CC%E1++%C8%A1
2020-11-10 16:19:24 [ERROR] [Get "https://proxy.coderbusy.com/classical/https-ready.aspx?page=1": stream error: stream ID 1; CANCEL]
2020-11-10 16:19:24 [ERROR] GET http://www.ip181.com/ failed, status code:Internal Server Error
2020-11-10 16:19:26 [ERROR] [Get "http://www.xicidaili.com/nn/1": dial tcp 123.57.85.224:80: connectex: No connection could be made because the target machine actively refused it.]
2020-11-10 16:19:38 [ERROR] [Get "http://www.xicidaili.com/nn/2": dial tcp 123.57.85.224:80: connectex: No connection could be made because the target machine actively refused it.]
2020-11-10 16:19:38 [ERROR] GET http://www.data5u.com/free/gngn/index.shtml failed, status code:Forbidden
2020-11-10 16:19:38 [ERROR] [Get "https://proxy.coderbusy.com/classical/https-ready.aspx?page=2": stream error: stream ID 1; CANCEL]
2020-11-10 16:19:50 [ERROR] [Get "https://proxy.coderbusy.com/classical/https-ready.aspx?page=3": stream error: stream ID 1; CANCEL]
2020-11-10 16:19:51 [ERROR] GET http://www.data5u.com/free/gnpt/index.shtml failed, status code:Forbidden
2020-11-10 16:19:52 [ERROR] [Get "http://www.xicidaili.com/nn/3": dial tcp 123.57.85.224:80: connectex: No connection could be made because the target machine actively refused it.]
2020-11-10 16:20:03 [ERROR] GET http://www.data5u.com/free/gwgn/index.shtml failed, status code:Forbidden
2020-11-10 16:20:03 [ERROR] [Get "https://proxy.coderbusy.com/classical/https-ready.aspx?page=4": stream error: stream ID 1; CANCEL]
2020-11-10 16:20:17 [ERROR] GET http://www.data5u.com/free/gwpt/index.shtml failed, status code:Forbidden
2020-11-10 16:20:18 [ERROR] [Get "https://proxy.coderbusy.com/classical/https-ready.aspx?page=5": stream error: stream ID 1; CANCEL]
2020-11-10 16:20:31 [ERROR] [Get "https://proxy.coderbusy.com/classical/https-ready.aspx?page=6": stream error: stream ID 1; CANCEL]
2020-11-10 16:20:38 [ERROR] [Get "https://proxy.coderbusy.com/classical/https-ready.aspx?page=7": stream error: stream ID 1; CANCEL]
2020-11-10 16:20:46 [ERROR] [Get "https://proxy.coderbusy.com/classical/https-ready.aspx?page=8": stream error: stream ID 1; CANCEL]
2020-11-10 16:20:56 [ERROR] [Get "https://proxy.coderbusy.com/classical/https-ready.aspx?page=9": stream error: stream ID 1; CANCEL]
2020-11-10 16:21:02 [ERROR] [Get "https://proxy.coderbusy.com/classical/https-ready.aspx?page=10": stream error: stream ID 1; CANCEL]
2020-11-10 16:21:09 [ERROR] [Get "https://proxy.coderbusy.com/classical/https-ready.aspx?page=11": stream error: stream ID 1; CANCEL]
2020-11-10 16:21:15 [INFO] log initialize finish.
2020-11-10 16:21:15 [INFO] database initialize finish.
2020-11-10 16:21:15 [ERROR] GET http://www.data5u.com/free/index.shtml failed, status code:Forbidden
2020-11-10 16:21:15 [ERROR] GET http://www.ip181.com/ failed, status code:Internal Server Error
2020-11-10 16:21:15 [ERROR] [Get "https://proxy.coderbusy.com/classical/https-ready.aspx?page=1": stream error: stream ID 1; CANCEL]
2020-11-10 16:21:15 [ERROR] can not found correct format ip address in url:http://www.89ip.cn/tiqv.php?sxb=&tqsl=20&ports=&ktip=&xl=on&submit=%CC%E1++%C8%A1
2020-11-10 16:21:17 [ERROR] [Get "http://www.xicidaili.com/nn/1": dial tcp 123.57.85.224:80: connectex: No connection could be made because the target machine actively refused it.]
2020-11-10 16:21:23 [ERROR] GET http://www.data5u.com/free/gngn/index.shtml failed, status code:Forbidden
2020-11-10 16:21:23 [ERROR] [Get "https://proxy.coderbusy.com/classical/https-ready.aspx?page=2": stream error: stream ID 1; CANCEL]
2020-11-10 16:22:17 [INFO] log initialize finish.
2020-11-10 16:22:17 [INFO] database initialize finish.
2020-11-10 16:22:17 [ERROR] GET http://www.data5u.com/free/index.shtml failed, status code:Forbidden
2020-11-10 16:22:17 [ERROR] GET http://www.ip181.com/ failed, status code:Internal Server Error
2020-11-10 16:22:17 [ERROR] can not found correct format ip address in url:http://www.89ip.cn/tiqv.php?sxb=&tqsl=20&ports=&ktip=&xl=on&submit=%CC%E1++%C8%A1
2020-11-10 16:22:17 [ERROR] [Get "https://proxy.coderbusy.com/classical/https-ready.aspx?page=1": stream error: stream ID 1; CANCEL]
2020-11-10 16:22:19 [ERROR] [Get "http://www.xicidaili.com/nn/1": dial tcp 123.57.85.224:80: connectex: No connection could be made because the target machine actively refused it.]
2020-11-10 16:23:31 [INFO] log initialize finish.
2020-11-10 16:23:31 [INFO] database initialize finish.
2020-11-10 16:23:31 [ERROR] [Get "https://proxy.coderbusy.com/classical/https-ready.aspx?page=1": stream error: stream ID 1; CANCEL]
2020-11-10 16:23:31 [ERROR] GET http://www.data5u.com/free/index.shtml failed, status code:Forbidden
2020-11-10 16:23:32 [ERROR] GET http://www.ip181.com/ failed, status code:Internal Server Error
2020-11-10 16:23:32 [ERROR] can not found correct format ip address in url:http://www.89ip.cn/tiqv.php?sxb=&tqsl=20&ports=&ktip=&xl=on&submit=%CC%E1++%C8%A1
2020-11-10 16:23:34 [ERROR] [Get "http://www.xicidaili.com/nn/1": dial tcp 123.57.85.224:80: connectex: No connection could be made because the target machine actively refused it.]
2020-11-10 16:23:41 [ERROR] [Get "https://proxy.coderbusy.com/classical/https-ready.aspx?page=2": stream error: stream ID 1; CANCEL]
2020-11-10 16:23:42 [ERROR] GET http://www.data5u.com/free/gngn/index.shtml failed, status code:Forbidden
2020-11-10 16:23:47 [ERROR] GET http://www.data5u.com/free/gnpt/index.shtml failed, status code:Forbidden
2020-11-10 16:23:47 [ERROR] [Get "http://www.xicidaili.com/nn/2": dial tcp 123.57.85.224:80: connectex: No connection could be made because the target machine actively refused it.]
2020-11-10 16:23:52 [ERROR] GET http://www.data5u.com/free/gwgn/index.shtml failed, status code:Forbidden
2020-11-10 16:23:54 [ERROR] [Get "http://www.xicidaili.com/nn/3": dial tcp 123.57.85.224:80: connectex: No connection could be made because the target machine actively refused it.]
2020-11-10 16:23:56 [ERROR] [Get "https://proxy.coderbusy.com/classical/https-ready.aspx?page=3": stream error: stream ID 1; CANCEL]
2020-11-10 16:24:01 [ERROR] GET http://www.data5u.com/free/gwpt/index.shtml failed, status code:Forbidden
2020-11-10 16:24:02 [ERROR] [Get "https://proxy.coderbusy.com/classical/https-ready.aspx?page=4": stream error: stream ID 1; CANCEL]
2020-11-10 16:24:07 [ERROR] [Get "https://proxy.coderbusy.com/classical/https-ready.aspx?page=5": stream error: stream ID 1; CANCEL]
2020-11-10 16:24:17 [ERROR] [Get "https://proxy.coderbusy.com/classical/https-ready.aspx?page=6": stream error: stream ID 1; CANCEL]
2020-11-10 16:24:30 [ERROR] [Get "https://proxy.coderbusy.com/classical/https-ready.aspx?page=7": stream error: stream ID 1; CANCEL]
2020-11-10 16:24:43 [ERROR] [Get "https://proxy.coderbusy.com/classical/https-ready.aspx?page=8": stream error: stream ID 1; CANCEL]
2020-11-10 16:24:56 [ERROR] [Get "https://proxy.coderbusy.com/classical/https-ready.aspx?page=9": stream error: stream ID 1; CANCEL]
2020-11-10 16:25:02 [ERROR] [Get "https://proxy.coderbusy.com/classical/https-ready.aspx?page=10": stream error: stream ID 1; CANCEL]
2020-11-10 16:25:11 [ERROR] [Get "https://proxy.coderbusy.com/classical/https-ready.aspx?page=11": stream error: stream ID 1; CANCEL]
2020-11-10 16:25:23 [ERROR] [Get "https://proxy.coderbusy.com/classical/https-ready.aspx?page=12": stream error: stream ID 1; CANCEL]
2020-11-10 16:25:32 [ERROR] [Get "https://proxy.coderbusy.com/classical/https-ready.aspx?page=13": stream error: stream ID 1; CANCEL]
2020-11-10 16:25:45 [ERROR] [Get "https://proxy.coderbusy.com/classical/https-ready.aspx?page=14": stream error: stream ID 1; CANCEL]
2020-11-10 16:25:55 [ERROR] [Get "https://proxy.coderbusy.com/classical/https-ready.aspx?page=15": stream error: stream ID 1; CANCEL]
2020-11-10 16:36:20 [ERROR] can not found correct format ip address in url:http://www.89ip.cn/tiqv.php?sxb=&tqsl=20&ports=&ktip=&xl=on&submit=%CC%E1++%C8%A1
2020-11-10 16:36:20 [ERROR] [Get "https://proxy.coderbusy.com/classical/https-ready.aspx?page=1": stream error: stream ID 1; CANCEL]
2020-11-10 16:36:21 [ERROR] GET http://www.ip181.com/ failed, status code:Internal Server Error
2020-11-10 16:36:21 [ERROR] GET http://www.data5u.com/free/index.shtml failed, status code:Forbidden
2020-11-10 16:36:22 [ERROR] [Get "http://www.xicidaili.com/nn/1": dial tcp 123.57.85.224:80: connectex: No connection could be made because the target machine actively refused it.]
2020-11-10 16:36:25 [ERROR] [Get "https://proxy.coderbusy.com/classical/https-ready.aspx?page=2": stream error: stream ID 1; CANCEL]
2020-11-10 16:36:29 [ERROR] GET http://www.data5u.com/free/gngn/index.shtml failed, status code:Forbidden
2020-11-10 16:36:33 [ERROR] [Get "https://proxy.coderbusy.com/classical/https-ready.aspx?page=3": stream error: stream ID 1; CANCEL]
2020-11-10 16:36:34 [ERROR] GET http://www.data5u.com/free/gnpt/index.shtml failed, status code:Forbidden
2020-11-10 16:36:37 [ERROR] [Get "http://www.xicidaili.com/nn/2": dial tcp 123.57.85.224:80: connectex: No connection could be made because the target machine actively refused it.]
2020-11-10 16:36:45 [ERROR] GET http://www.data5u.com/free/gwgn/index.shtml failed, status code:Forbidden
2020-11-10 16:36:51 [ERROR] [Get "http://www.xicidaili.com/nn/3": dial tcp 123.57.85.224:80: connectex: No connection could be made because the target machine actively refused it.]
2020-11-10 16:36:53 [ERROR] [Get "https://proxy.coderbusy.com/classical/https-ready.aspx?page=4": stream error: stream ID 1; CANCEL]
2020-11-10 16:36:56 [ERROR] GET http://www.data5u.com/free/gwpt/index.shtml failed, status code:Forbidden
2020-11-10 16:37:02 [ERROR] [Get "https://proxy.coderbusy.com/classical/https-ready.aspx?page=5": stream error: stream ID 1; CANCEL]
2020-11-10 16:37:17 [ERROR] [Get "https://proxy.coderbusy.com/classical/https-ready.aspx?page=6": stream error: stream ID 1; CANCEL]
2020-11-10 16:37:30 [ERROR] [Get "https://proxy.coderbusy.com/classical/https-ready.aspx?page=7": stream error: stream ID 1; CANCEL]
2020-11-10 16:37:38 [ERROR] [Get "https://proxy.coderbusy.com/classical/https-ready.aspx?page=8": stream error: stream ID 1; CANCEL]
2020-11-10 16:37:50 [ERROR] [Get "https://proxy.coderbusy.com/classical/https-ready.aspx?page=9": stream error: stream ID 1; CANCEL]
2020-11-10 16:38:00 [ERROR] [Get "https://proxy.coderbusy.com/classical/https-ready.aspx?page=10": stream error: stream ID 1; CANCEL]
2020-11-10 16:38:05 [ERROR] [Get "https://proxy.coderbusy.com/classical/https-ready.aspx?page=11": stream error: stream ID 1; CANCEL]
2020-11-10 16:38:13 [ERROR] [Get "https://proxy.coderbusy.com/classical/https-ready.aspx?page=12": stream error: stream ID 1; CANCEL]
2020-11-10 16:38:30 [ERROR] [Get "https://proxy.coderbusy.com/classical/https-ready.aspx?page=13": stream error: stream ID 1; CANCEL]
2020-11-10 16:38:35 [ERROR] [Get "https://proxy.coderbusy.com/classical/https-ready.aspx?page=14": stream error: stream ID 1; CANCEL]
2020-11-10 16:38:43 [ERROR] [Get "https://proxy.coderbusy.com/classical/https-ready.aspx?page=15": stream error: stream ID 1; CANCEL]
2020-11-10 16:45:41 [INFO] log initialize finish.
2020-11-10 16:45:41 [INFO] database initialize finish.
2020-11-10 16:45:41 [ERROR] GET http://www.data5u.com/free/index.shtml failed, status code:Forbidden
2020-11-10 16:45:41 [ERROR] GET http://www.ip181.com/ failed, status code:Internal Server Error
2020-11-10 16:45:41 [ERROR] [Get "https://proxy.coderbusy.com/classical/https-ready.aspx?page=1": stream error: stream ID 1; CANCEL]
2020-11-10 16:45:41 [ERROR] can not found correct format ip address in url:http://www.89ip.cn/tiqv.php?sxb=&tqsl=20&ports=&ktip=&xl=on&submit=%CC%E1++%C8%A1
2020-11-10 16:45:43 [ERROR] [Get "http://www.xicidaili.com/nn/1": dial tcp 123.57.85.224:80: connectex: No connection could be made because the target machine actively refused it.]
2020-11-10 16:45:51 [ERROR] GET http://www.data5u.com/free/gngn/index.shtml failed, status code:Forbidden
2020-11-10 16:45:57 [ERROR] [Get "http://www.xicidaili.com/nn/2": dial tcp 123.57.85.224:80: connectex: A connection attempt failed because the connected party did not properly respond after a period of time, or established connection failed because connected host has failed to respond.]
2020-11-10 16:45:58 [ERROR] [Get "https://proxy.coderbusy.com/classical/https-ready.aspx?page=2": stream error: stream ID 1; CANCEL]
2020-11-10 16:46:00 [ERROR] GET http://www.data5u.com/free/gnpt/index.shtml failed, status code:Forbidden
2020-11-10 16:46:04 [ERROR] [Get "http://www.xicidaili.com/nn/3": dial tcp 123.57.85.224:80: connectex: No connection could be made because the target machine actively refused it.]
2020-11-10 16:46:13 [ERROR] [Get "https://proxy.coderbusy.com/classical/https-ready.aspx?page=3": stream error: stream ID 1; CANCEL]
2020-11-10 16:46:14 [ERROR] GET http://www.data5u.com/free/gwgn/index.shtml failed, status code:Forbidden
2020-11-10 16:46:21 [ERROR] [Get "https://proxy.coderbusy.com/classical/https-ready.aspx?page=4": stream error: stream ID 1; CANCEL]
2020-11-10 16:46:26 [ERROR] GET http://www.data5u.com/free/gwpt/index.shtml failed, status code:Forbidden
2020-11-10 16:46:34 [ERROR] [Get "https://proxy.coderbusy.com/classical/https-ready.aspx?page=5": stream error: stream ID 1; CANCEL]
2020-11-10 16:46:47 [ERROR] [Get "https://proxy.coderbusy.com/classical/https-ready.aspx?page=6": stream error: stream ID 1; CANCEL]
2020-11-10 16:47:07 [ERROR] [Get "https://proxy.coderbusy.com/classical/https-ready.aspx?page=7": stream error: stream ID 1; CANCEL]
2020-11-10 16:47:18 [ERROR] [Get "https://proxy.coderbusy.com/classical/https-ready.aspx?page=8": stream error: stream ID 1; CANCEL]
2020-11-10 16:47:23 [ERROR] [Get "https://proxy.coderbusy.com/classical/https-ready.aspx?page=9": stream error: stream ID 1; CANCEL]
2020-11-10 16:47:35 [ERROR] [Get "https://proxy.coderbusy.com/classical/https-ready.aspx?page=10": stream error: stream ID 1; CANCEL]
2020-11-10 16:47:40 [ERROR] [Get "https://proxy.coderbusy.com/classical/https-ready.aspx?page=11": stream error: stream ID 1; CANCEL]
2020-11-10 16:47:50 [ERROR] [Get "https://proxy.coderbusy.com/classical/https-ready.aspx?page=12": stream error: stream ID 1; CANCEL]
2020-11-10 16:48:01 [ERROR] [Get "https://proxy.coderbusy.com/classical/https-ready.aspx?page=13": stream error: stream ID 1; CANCEL]
2020-11-10 16:48:07 [ERROR] [Get "https://proxy.coderbusy.com/classical/https-ready.aspx?page=14": stream error: stream ID 1; CANCEL]
2020-11-10 16:48:15 [INFO] log initialize finish.
2020-11-10 16:48:16 [INFO] database initialize finish.
2020-11-10 16:48:16 [ERROR] GET http://www.data5u.com/free/index.shtml failed, status code:Forbidden
2020-11-10 16:48:16 [ERROR] can not found correct format ip address in url:http://www.89ip.cn/tiqv.php?sxb=&tqsl=20&ports=&ktip=&xl=on&submit=%CC%E1++%C8%A1
2020-11-10 16:48:17 [ERROR] GET http://www.ip181.com/ failed, status code:Internal Server Error
2020-11-10 16:48:17 [ERROR] [Get "https://proxy.coderbusy.com/classical/https-ready.aspx?page=1": stream error: stream ID 1; CANCEL]
2020-11-10 16:48:18 [ERROR] [Get "http://www.xicidaili.com/nn/1": dial tcp 123.57.85.224:80: connectex: No connection could be made because the target machine actively refused it.]
2020-11-10 16:48:25 [ERROR] [Get "http://www.xicidaili.com/nn/2": dial tcp 123.57.85.224:80: connectex: No connection could be made because the target machine actively refused it.]
2020-11-10 16:48:28 [ERROR] GET http://www.data5u.com/free/gngn/index.shtml failed, status code:Forbidden
2020-11-10 16:48:32 [ERROR] [Get "https://proxy.coderbusy.com/classical/https-ready.aspx?page=2": stream error: stream ID 1; CANCEL]
2020-11-10 16:48:36 [ERROR] [Get "http://www.xicidaili.com/nn/3": dial tcp 123.57.85.224:80: connectex: No connection could be made because the target machine actively refused it.]
2020-11-10 16:48:37 [ERROR] GET http://www.data5u.com/free/gnpt/index.shtml failed, status code:Forbidden
2020-11-10 16:48:40 [ERROR] [Get "https://proxy.coderbusy.com/classical/https-ready.aspx?page=3": stream error: stream ID 1; CANCEL]
2020-11-10 16:48:46 [ERROR] GET http://www.data5u.com/free/gwgn/index.shtml failed, status code:Forbidden
2020-11-10 16:48:46 [ERROR] [Get "https://proxy.coderbusy.com/classical/https-ready.aspx?page=4": stream error: stream ID 1; CANCEL]
2020-11-10 16:49:00 [ERROR] GET http://www.data5u.com/free/gwpt/index.shtml failed, status code:Forbidden
2020-11-10 16:49:01 [ERROR] [Get "https://proxy.coderbusy.com/classical/https-ready.aspx?page=5": stream error: stream ID 1; CANCEL]
2020-11-10 16:49:15 [ERROR] [Get "https://proxy.coderbusy.com/classical/https-ready.aspx?page=6": stream error: stream ID 1; CANCEL]
2020-11-10 16:49:31 [ERROR] [Get "https://proxy.coderbusy.com/classical/https-ready.aspx?page=7": stream error: stream ID 1; CANCEL]
2020-11-10 16:49:42 [ERROR] [Get "https://proxy.coderbusy.com/classical/https-ready.aspx?page=8": stream error: stream ID 1; CANCEL]
2020-11-10 16:49:49 [ERROR] [Get "https://proxy.coderbusy.com/classical/https-ready.aspx?page=9": stream error: stream ID 1; CANCEL]
2020-11-10 16:49:55 [ERROR] [Get "https://proxy.coderbusy.com/classical/https-ready.aspx?page=10": stream error: stream ID 1; CANCEL]
2020-11-10 16:50:12 [ERROR] [Get "https://proxy.coderbusy.com/classical/https-ready.aspx?page=11": stream error: stream ID 1; CANCEL]
2020-11-10 16:50:51 [INFO] log initialize finish.
2020-11-10 16:50:51 [INFO] database initialize finish.
2020-11-10 16:50:51 [ERROR] [Get "https://proxy.coderbusy.com/classical/https-ready.aspx?page=1": stream error: stream ID 1; CANCEL]
2020-11-10 16:50:54 [ERROR] GET http://www.data5u.com/free/index.shtml failed, status code:Forbidden
2020-11-10 16:50:54 [ERROR] GET http://www.ip181.com/ failed, status code:Internal Server Error
2020-11-10 16:50:54 [ERROR] can not found correct format ip address in url:http://www.89ip.cn/tiqv.php?sxb=&tqsl=20&ports=&ktip=&xl=on&submit=%CC%E1++%C8%A1
2020-11-10 16:50:56 [ERROR] [Get "http://www.xicidaili.com/nn/1": dial tcp 123.57.85.224:80: connectex: No connection could be made because the target machine actively refused it.]
2020-11-10 16:51:02 [ERROR] GET http://www.data5u.com/free/gngn/index.shtml failed, status code:Forbidden
2020-11-10 16:51:04 [ERROR] [Get "http://www.xicidaili.com/nn/2": dial tcp 123.57.85.224:80: connectex: No connection could be made because the target machine actively refused it.]
2020-11-10 16:51:05 [ERROR] [Get "https://proxy.coderbusy.com/classical/https-ready.aspx?page=2": stream error: stream ID 1; CANCEL]
2020-11-10 16:51:10 [ERROR] [Get "https://proxy.coderbusy.com/classical/https-ready.aspx?page=3": stream error: stream ID 1; CANCEL]
2020-11-10 16:51:16 [ERROR] [Get "https://proxy.coderbusy.com/classical/https-ready.aspx?page=4": stream error: stream ID 1; CANCEL]
2020-11-10 16:51:17 [ERROR] GET http://www.data5u.com/free/gnpt/index.shtml failed, status code:Forbidden
2020-11-10 16:51:23 [ERROR] [Get "http://www.xicidaili.com/nn/3": dial tcp 123.57.85.224:80: connectex: A connection attempt failed because the connected party did not properly respond after a period of time, or established connection failed because connected host has failed to respond.]
2020-11-10 16:51:31 [ERROR] GET http://www.data5u.com/free/gwgn/index.shtml failed, status code:Forbidden
2020-11-10 16:51:35 [ERROR] [Get "https://proxy.coderbusy.com/classical/https-ready.aspx?page=5": stream error: stream ID 1; CANCEL]
2020-11-10 16:51:45 [ERROR] GET http://www.data5u.com/free/gwpt/index.shtml failed, status code:Forbidden
2020-11-10 16:51:46 [ERROR] [Get "https://proxy.coderbusy.com/classical/https-ready.aspx?page=6": stream error: stream ID 1; CANCEL]
2020-11-10 16:51:54 [ERROR] [Get "https://proxy.coderbusy.com/classical/https-ready.aspx?page=7": stream error: stream ID 1; CANCEL]
2020-11-10 16:52:01 [ERROR] [Get "https://proxy.coderbusy.com/classical/https-ready.aspx?page=8": stream error: stream ID 1; CANCEL]
2020-11-10 16:52:12 [INFO] log initialize finish.
2020-11-10 16:52:12 [INFO] database initialize finish.
2020-11-10 16:52:12 [ERROR] GET http://www.data5u.com/free/index.shtml failed, status code:Forbidden
2020-11-10 16:52:12 [ERROR] GET http://www.ip181.com/ failed, status code:Internal Server Error
2020-11-10 16:52:13 [ERROR] can not found correct format ip address in url:http://www.89ip.cn/tiqv.php?sxb=&tqsl=20&ports=&ktip=&xl=on&submit=%CC%E1++%C8%A1
2020-11-10 16:52:13 [ERROR] [Get "https://proxy.coderbusy.com/classical/https-ready.aspx?page=1": stream error: stream ID 1; CANCEL]
2020-11-10 16:52:15 [ERROR] [Get "http://www.xicidaili.com/nn/1": dial tcp 123.57.85.224:80: connectex: No connection could be made because the target machine actively refused it.]
2020-11-10 16:54:18 [INFO] log initialize finish.
2020-11-10 16:54:18 [INFO] database initialize finish.
2020-11-10 16:54:18 [ERROR] GET http://www.data5u.com/free/index.shtml failed, status code:Forbidden
2020-11-10 16:54:18 [ERROR] GET http://www.ip181.com/ failed, status code:Internal Server Error
2020-11-10 16:54:19 [ERROR] [Get "https://proxy.coderbusy.com/classical/https-ready.aspx?page=1": stream error: stream ID 1; CANCEL]
2020-11-10 16:54:21 [ERROR] [Get "http://www.xicidaili.com/nn/1": dial tcp 123.57.85.224:80: connectex: No connection could be made because the target machine actively refused it.]
2020-11-10 16:54:22 [ERROR] can not found correct format ip address in url:http://www.89ip.cn/tiqv.php?sxb=&tqsl=20&ports=&ktip=&xl=on&submit=%CC%E1++%C8%A1
2020-11-10 16:54:26 [ERROR] [Get "https://proxy.coderbusy.com/classical/https-ready.aspx?page=2": stream error: stream ID 1; CANCEL]
2020-11-10 16:54:27 [ERROR] GET http://www.data5u.com/free/gngn/index.shtml failed, status code:Forbidden
2020-11-10 16:54:30 [ERROR] [Get "http://www.xicidaili.com/nn/2": dial tcp 123.57.85.224:80: connectex: No connection could be made because the target machine actively refused it.]
2020-11-10 16:54:34 [ERROR] GET http://www.data5u.com/free/gnpt/index.shtml failed, status code:Forbidden
2020-11-10 16:54:39 [ERROR] [Get "http://www.xicidaili.com/nn/3": dial tcp 123.57.85.224:80: connectex: No connection could be made because the target machine actively refused it.]
2020-11-10 16:54:39 [ERROR] [Get "https://proxy.coderbusy.com/classical/https-ready.aspx?page=3": stream error: stream ID 1; CANCEL]
2020-11-10 16:54:46 [ERROR] GET http://www.data5u.com/free/gwgn/index.shtml failed, status code:Forbidden
2020-11-10 16:54:49 [ERROR] [Get "https://proxy.coderbusy.com/classical/https-ready.aspx?page=4": stream error: stream ID 1; CANCEL]
2020-11-10 16:54:56 [ERROR] GET http://www.data5u.com/free/gwpt/index.shtml failed, status code:Forbidden
2020-11-10 16:55:01 [ERROR] [Get "https://proxy.coderbusy.com/classical/https-ready.aspx?page=5": stream error: stream ID 1; CANCEL]
2020-11-10 16:55:13 [ERROR] [Get "https://proxy.coderbusy.com/classical/https-ready.aspx?page=6": stream error: stream ID 1; CANCEL]
2020-11-10 16:55:27 [ERROR] [Get "https://proxy.coderbusy.com/classical/https-ready.aspx?page=7": stream error: stream ID 1; CANCEL]
2020-11-10 16:55:32 [ERROR] [Get "https://proxy.coderbusy.com/classical/https-ready.aspx?page=8": stream error: stream ID 1; CANCEL]
2020-11-10 16:55:45 [ERROR] [Get "https://proxy.coderbusy.com/classical/https-ready.aspx?page=9": stream error: stream ID 1; CANCEL]
2020-11-10 16:55:58 [ERROR] [Get "https://proxy.coderbusy.com/classical/https-ready.aspx?page=10": stream error: stream ID 1; CANCEL]
2020-11-10 16:56:04 [ERROR] [Get "https://proxy.coderbusy.com/classical/https-ready.aspx?page=11": stream error: stream ID 1; CANCEL]
2020-11-10 16:56:09 [ERROR] [Get "https://proxy.coderbusy.com/classical/https-ready.aspx?page=12": stream error: stream ID 1; CANCEL]
2020-11-10 16:56:18 [ERROR] [Get "https://proxy.coderbusy.com/classical/https-ready.aspx?page=13": stream error: stream ID 1; CANCEL]
2020-11-10 16:56:30 [ERROR] [Get "https://proxy.coderbusy.com/classical/https-ready.aspx?page=14": stream error: stream ID 1; CANCEL]
2020-11-10 16:56:36 [ERROR] [Get "https://proxy.coderbusy.com/classical/https-ready.aspx?page=15": stream error: stream ID 1; CANCEL]
2020-11-10 16:57:30 [INFO] log initialize finish.
2020-11-10 16:57:30 [INFO] database initialize finish.
2020-11-10 16:57:30 [ERROR] GET http://www.ip181.com/ failed, status code:Internal Server Error
2020-11-10 16:57:31 [ERROR] GET http://www.data5u.com/free/index.shtml failed, status code:Forbidden
2020-11-10 16:57:31 [ERROR] [Get "https://proxy.coderbusy.com/classical/https-ready.aspx?page=1": stream error: stream ID 1; CANCEL]
2020-11-10 16:57:32 [ERROR] can not found correct format ip address in url:http://www.89ip.cn/tiqv.php?sxb=&tqsl=20&ports=&ktip=&xl=on&submit=%CC%E1++%C8%A1
2020-11-10 16:57:33 [ERROR] [Get "http://www.xicidaili.com/nn/1": dial tcp 123.57.85.224:80: connectex: No connection could be made because the target machine actively refused it.]
2020-11-10 16:57:39 [ERROR] GET http://www.data5u.com/free/gngn/index.shtml failed, status code:Forbidden
2020-11-10 16:57:40 [ERROR] [Get "https://proxy.coderbusy.com/classical/https-ready.aspx?page=2": stream error: stream ID 1; CANCEL]
2020-11-10 16:57:47 [ERROR] GET http://www.data5u.com/free/gnpt/index.shtml failed, status code:Forbidden
2020-11-10 16:57:49 [ERROR] [Get "http://www.xicidaili.com/nn/2": dial tcp 123.57.85.224:80: connectex: No connection could be made because the target machine actively refused it.]
2020-11-10 16:57:54 [ERROR] GET http://www.data5u.com/free/gwgn/index.shtml failed, status code:Forbidden
2020-11-10 16:57:54 [ERROR] [Get "https://proxy.coderbusy.com/classical/https-ready.aspx?page=3": stream error: stream ID 1; CANCEL]
2020-11-10 16:58:03 [ERROR] GET http://www.data5u.com/free/gwpt/index.shtml failed, status code:Forbidden
2020-11-10 16:58:03 [ERROR] [Get "https://proxy.coderbusy.com/classical/https-ready.aspx?page=4": stream error: stream ID 1; CANCEL]
2020-11-10 16:58:04 [ERROR] [Get "http://www.xicidaili.com/nn/3": dial tcp 123.57.85.224:80: connectex: A connection attempt failed because the connected party did not properly respond after a period of time, or established connection failed because connected host has failed to respond.]
2020-11-10 16:58:19 [ERROR] [Get "https://proxy.coderbusy.com/classical/https-ready.aspx?page=5": stream error: stream ID 1; CANCEL]
2020-11-10 16:58:33 [ERROR] [Get "https://proxy.coderbusy.com/classical/https-ready.aspx?page=6": stream error: stream ID 1; CANCEL]
2020-11-10 16:58:47 [ERROR] [Get "https://proxy.coderbusy.com/classical/https-ready.aspx?page=7": stream error: stream ID 1; CANCEL]
2020-11-10 16:58:54 [ERROR] [Get "https://proxy.coderbusy.com/classical/https-ready.aspx?page=8": stream error: stream ID 1; CANCEL]
2020-11-10 16:59:01 [ERROR] [Get "https://proxy.coderbusy.com/classical/https-ready.aspx?page=9": stream error: stream ID 1; CANCEL]
2020-11-10 16:59:50 [INFO] log initialize finish.
2020-11-10 16:59:50 [INFO] database initialize finish.
2020-11-10 16:59:51 [ERROR] GET http://www.data5u.com/free/index.shtml failed, status code:Forbidden
2020-11-10 16:59:51 [ERROR] can not found correct format ip address in url:http://www.89ip.cn/tiqv.php?sxb=&tqsl=20&ports=&ktip=&xl=on&submit=%CC%E1++%C8%A1
2020-11-10 16:59:51 [ERROR] [Get "https://proxy.coderbusy.com/classical/https-ready.aspx?page=1": stream error: stream ID 1; CANCEL]
2020-11-10 16:59:51 [ERROR] GET http://www.ip181.com/ failed, status code:Internal Server Error
2020-11-10 16:59:53 [ERROR] [Get "http://www.xicidaili.com/nn/1": dial tcp 123.57.85.224:80: connectex: No connection could be made because the target machine actively refused it.]
2020-11-10 17:00:02 [ERROR] [Get "http://www.xicidaili.com/nn/2": dial tcp 123.57.85.224:80: connectex: No connection could be made because the target machine actively refused it.]
2020-11-10 17:00:03 [ERROR] GET http://www.data5u.com/free/gngn/index.shtml failed, status code:Forbidden
2020-11-10 17:00:03 [ERROR] [Get "https://proxy.coderbusy.com/classical/https-ready.aspx?page=2": stream error: stream ID 1; CANCEL]
2020-11-10 17:00:10 [ERROR] GET http://www.data5u.com/free/gnpt/index.shtml failed, status code:Forbidden
2020-11-10 17:00:10 [ERROR] [Get "https://proxy.coderbusy.com/classical/https-ready.aspx?page=3": stream error: stream ID 1; CANCEL]
2020-11-10 17:00:16 [ERROR] GET http://www.data5u.com/free/gwgn/index.shtml failed, status code:Forbidden
2020-11-10 17:00:16 [ERROR] [Get "https://proxy.coderbusy.com/classical/https-ready.aspx?page=4": stream error: stream ID 1; CANCEL]
2020-11-10 17:00:21 [ERROR] [Get "http://www.xicidaili.com/nn/3": dial tcp 123.57.85.224:80: connectex: No connection could be made because the target machine actively refused it.]
2020-11-10 17:00:26 [ERROR] GET http://www.data5u.com/free/gwpt/index.shtml failed, status code:Forbidden
2020-11-10 17:00:28 [ERROR] [Get "https://proxy.coderbusy.com/classical/https-ready.aspx?page=5": stream error: stream ID 1; CANCEL]
2020-11-10 17:00:42 [ERROR] [Get "https://proxy.coderbusy.com/classical/https-ready.aspx?page=6": stream error: stream ID 1; CANCEL]
2020-11-10 17:00:53 [ERROR] [Get "https://proxy.coderbusy.com/classical/https-ready.aspx?page=7": stream error: stream ID 1; CANCEL]
2020-11-10 17:22:10 [INFO] log initialize finish.
2020-11-10 17:22:10 [INFO] database initialize finish.
2020-11-10 17:22:10 [ERROR] GET http://www.data5u.com/free/index.shtml failed, status code:Forbidden
2020-11-10 17:22:10 [ERROR] can not found correct format ip address in url:http://www.89ip.cn/tiqv.php?sxb=&tqsl=20&ports=&ktip=&xl=on&submit=%CC%E1++%C8%A1
2020-11-10 17:22:10 [ERROR] [Get "https://proxy.coderbusy.com/classical/https-ready.aspx?page=1": stream error: stream ID 1; CANCEL]
2020-11-10 17:22:10 [ERROR] GET http://www.ip181.com/ failed, status code:Internal Server Error
2020-11-10 17:22:18 [ERROR] GET http://www.data5u.com/free/gngn/index.shtml failed, status code:Forbidden
2020-11-10 17:22:18 [ERROR] [Get "https://proxy.coderbusy.com/classical/https-ready.aspx?page=2": stream error: stream ID 1; CANCEL]
2020-11-10 17:22:21 [ERROR] [Get "http://www.xicidaili.com/nn/1": dial tcp 123.57.85.224:80: connectex: No connection could be made because the target machine actively refused it.]
2020-11-10 17:22:23 [ERROR] GET http://www.data5u.com/free/gnpt/index.shtml failed, status code:Forbidden
2020-11-10 17:22:24 [ERROR] [Get "https://proxy.coderbusy.com/classical/https-ready.aspx?page=3": stream error: stream ID 1; CANCEL]
2020-11-10 17:22:28 [ERROR] GET http://www.data5u.com/free/gwgn/index.shtml failed, status code:Forbidden
2020-11-10 17:22:33 [ERROR] [Get "https://proxy.coderbusy.com/classical/https-ready.aspx?page=4": stream error: stream ID 1; CANCEL]
2020-11-10 17:22:35 [ERROR] [Get "http://www.xicidaili.com/nn/2": dial tcp 123.57.85.224:80: connectex: A connection attempt failed because the connected party did not properly respond after a period of time, or established connection failed because connected host has failed to respond.]
2020-11-10 17:22:40 [ERROR] GET http://www.data5u.com/free/gwpt/index.shtml failed, status code:Forbidden
2020-11-10 17:22:42 [ERROR] [Get "https://proxy.coderbusy.com/classical/https-ready.aspx?page=5": stream error: stream ID 1; CANCEL]
2020-11-10 17:22:45 [ERROR] [Get "http://www.xicidaili.com/nn/3": dial tcp 123.57.85.224:80: connectex: No connection could be made because the target machine actively refused it.]
2020-11-10 17:22:49 [ERROR] [Get "https://proxy.coderbusy.com/classical/https-ready.aspx?page=6": stream error: stream ID 1; CANCEL]
2020-11-10 17:23:01 [ERROR] [Get "https://proxy.coderbusy.com/classical/https-ready.aspx?page=7": stream error: stream ID 1; CANCEL]
2020-11-10 17:23:10 [ERROR] [Get "https://proxy.coderbusy.com/classical/https-ready.aspx?page=8": stream error: stream ID 1; CANCEL]
2020-11-10 17:23:18 [ERROR] [Get "https://proxy.coderbusy.com/classical/https-ready.aspx?page=9": stream error: stream ID 1; CANCEL]
2020-11-10 17:23:31 [ERROR] [Get "https://proxy.coderbusy.com/classical/https-ready.aspx?page=10": stream error: stream ID 1; CANCEL]
2020-11-10 17:23:37 [ERROR] [Get "https://proxy.coderbusy.com/classical/https-ready.aspx?page=11": stream error: stream ID 1; CANCEL]
2020-11-10 17:23:43 [ERROR] [Get "https://proxy.coderbusy.com/classical/https-ready.aspx?page=12": stream error: stream ID 1; CANCEL]
2020-11-10 17:23:57 [ERROR] [Get "https://proxy.coderbusy.com/classical/https-ready.aspx?page=13": stream error: stream ID 1; CANCEL]
2020-11-10 17:24:09 [ERROR] [Get "https://proxy.coderbusy.com/classical/https-ready.aspx?page=14": stream error: stream ID 1; CANCEL]
2020-11-10 17:24:15 [INFO] log initialize finish.
2020-11-10 17:24:15 [INFO] database initialize finish.
2020-11-10 17:24:15 [ERROR] GET http://www.data5u.com/free/index.shtml failed, status code:Forbidden
2020-11-10 17:24:15 [ERROR] [Get "https://proxy.coderbusy.com/classical/https-ready.aspx?page=1": stream error: stream ID 1; CANCEL]
2020-11-10 17:24:15 [ERROR] GET http://www.ip181.com/ failed, status code:Internal Server Error
2020-11-10 17:24:15 [ERROR] can not found correct format ip address in url:http://www.89ip.cn/tiqv.php?sxb=&tqsl=20&ports=&ktip=&xl=on&submit=%CC%E1++%C8%A1
2020-11-10 17:24:17 [ERROR] [Get "http://www.xicidaili.com/nn/1": dial tcp 123.57.85.224:80: connectex: No connection could be made because the target machine actively refused it.]
2020-11-10 17:24:22 [ERROR] GET http://www.data5u.com/free/gngn/index.shtml failed, status code:Forbidden
2020-11-10 17:24:22 [ERROR] [Get "https://proxy.coderbusy.com/classical/https-ready.aspx?page=2": stream error: stream ID 1; CANCEL]
2020-11-10 17:24:28 [ERROR] [Get "http://www.xicidaili.com/nn/2": dial tcp 123.57.85.224:80: connectex: No connection could be made because the target machine actively refused it.]
2020-11-10 17:24:30 [ERROR] GET http://www.data5u.com/free/gnpt/index.shtml failed, status code:Forbidden
2020-11-10 17:24:31 [ERROR] [Get "https://proxy.coderbusy.com/classical/https-ready.aspx?page=3": stream error: stream ID 1; CANCEL]
2020-11-10 17:24:36 [ERROR] [Get "http://www.xicidaili.com/nn/3": dial tcp 123.57.85.224:80: connectex: No connection could be made because the target machine actively refused it.]
2020-11-10 17:24:38 [ERROR] GET http://www.data5u.com/free/gwgn/index.shtml failed, status code:Forbidden
2020-11-10 17:24:39 [ERROR] [Get "https://proxy.coderbusy.com/classical/https-ready.aspx?page=4": stream error: stream ID 1; CANCEL]
2020-11-10 17:24:44 [ERROR] [Get "https://proxy.coderbusy.com/classical/https-ready.aspx?page=5": stream error: stream ID 1; CANCEL]
2020-11-10 17:24:51 [ERROR] GET http://www.data5u.com/free/gwpt/index.shtml failed, status code:Forbidden
2020-11-10 17:24:56 [ERROR] [Get "https://proxy.coderbusy.com/classical/https-ready.aspx?page=6": stream error: stream ID 1; CANCEL]
2020-11-10 17:25:08 [ERROR] [Get "https://proxy.coderbusy.com/classical/https-ready.aspx?page=7": stream error: stream ID 1; CANCEL]
2020-11-10 17:25:19 [ERROR] [Get "https://proxy.coderbusy.com/classical/https-ready.aspx?page=8": stream error: stream ID 1; CANCEL]
2020-11-10 17:25:28 [ERROR] [Get "https://proxy.coderbusy.com/classical/https-ready.aspx?page=9": stream error: stream ID 1; CANCEL]
2020-11-10 17:25:33 [ERROR] [Get "https://proxy.coderbusy.com/classical/https-ready.aspx?page=10": stream error: stream ID 1; CANCEL]
2020-11-10 17:25:40 [ERROR] [Get "https://proxy.coderbusy.com/classical/https-ready.aspx?page=11": stream error: stream ID 1; CANCEL]
2020-11-10 17:25:47 [ERROR] [Get "https://proxy.coderbusy.com/classical/https-ready.aspx?page=12": stream error: stream ID 1; CANCEL]
2020-11-10 17:25:59 [ERROR] [Get "https://proxy.coderbusy.com/classical/https-ready.aspx?page=13": stream error: stream ID 1; CANCEL]
2020-11-10 17:26:10 [ERROR] [Get "https://proxy.coderbusy.com/classical/https-ready.aspx?page=14": stream error: stream ID 1; CANCEL]
2020-11-10 17:26:20 [ERROR] [Get "https://proxy.coderbusy.com/classical/https-ready.aspx?page=15": stream error: stream ID 1; CANCEL]
2020-11-10 17:36:55 [ERROR] GET http://www.data5u.com/free/index.shtml failed, status code:Forbidden
2020-11-10 17:36:55 [ERROR] [Get "https://proxy.coderbusy.com/classical/https-ready.aspx?page=1": stream error: stream ID 1; CANCEL]
2020-11-10 17:36:55 [ERROR] can not found correct format ip address in url:http://www.89ip.cn/tiqv.php?sxb=&tqsl=20&ports=&ktip=&xl=on&submit=%CC%E1++%C8%A1
2020-11-10 17:36:55 [ERROR] GET http://www.ip181.com/ failed, status code:Internal Server Error
2020-11-10 17:36:57 [ERROR] [Get "http://www.xicidaili.com/nn/1": dial tcp 123.57.85.224:80: connectex: No connection could be made because the target machine actively refused it.]
2020-11-10 17:37:08 [ERROR] GET http://www.data5u.com/free/gngn/index.shtml failed, status code:Forbidden
2020-11-10 17:37:08 [ERROR] [Get "https://proxy.coderbusy.com/classical/https-ready.aspx?page=2": stream error: stream ID 1; CANCEL]
2020-11-10 17:37:10 [ERROR] [Get "http://www.xicidaili.com/nn/2": dial tcp 123.57.85.224:80: connectex: No connection could be made because the target machine actively refused it.]
2020-11-10 17:37:21 [ERROR] GET http://www.data5u.com/free/gnpt/index.shtml failed, status code:Forbidden
2020-11-10 17:37:21 [ERROR] [Get "https://proxy.coderbusy.com/classical/https-ready.aspx?page=3": stream error: stream ID 1; CANCEL]
2020-11-10 17:37:30 [ERROR] [Get "https://proxy.coderbusy.com/classical/https-ready.aspx?page=4": stream error: stream ID 1; CANCEL]
2020-11-10 17:37:30 [ERROR] [Get "http://www.xicidaili.com/nn/3": dial tcp 123.57.85.224:80: connectex: No connection could be made because the target machine actively refused it.]
2020-11-10 17:37:32 [ERROR] GET http://www.data5u.com/free/gwgn/index.shtml failed, status code:Forbidden
2020-11-10 17:37:37 [ERROR] GET http://www.data5u.com/free/gwpt/index.shtml failed, status code:Forbidden
2020-11-10 17:37:41 [ERROR] [Get "https://proxy.coderbusy.com/classical/https-ready.aspx?page=5": stream error: stream ID 1; CANCEL]
2020-11-10 17:37:47 [ERROR] [Get "https://proxy.coderbusy.com/classical/https-ready.aspx?page=6": stream error: stream ID 1; CANCEL]
2020-11-10 17:37:57 [ERROR] [Get "https://proxy.coderbusy.com/classical/https-ready.aspx?page=7": stream error: stream ID 1; CANCEL]
2020-11-10 17:38:03 [ERROR] [Get "https://proxy.coderbusy.com/classical/https-ready.aspx?page=8": stream error: stream ID 1; CANCEL]
2020-11-10 17:38:17 [ERROR] [Get "https://proxy.coderbusy.com/classical/https-ready.aspx?page=9": stream error: stream ID 1; CANCEL]
2020-11-10 17:38:27 [ERROR] [Get "https://proxy.coderbusy.com/classical/https-ready.aspx?page=10": stream error: stream ID 1; CANCEL]
2020-11-10 17:38:33 [ERROR] [Get "https://proxy.coderbusy.com/classical/https-ready.aspx?page=11": stream error: stream ID 1; CANCEL]
2020-11-10 17:38:38 [ERROR] [Get "https://proxy.coderbusy.com/classical/https-ready.aspx?page=12": stream error: stream ID 1; CANCEL]
2020-11-10 17:38:43 [ERROR] [Get "https://proxy.coderbusy.com/classical/https-ready.aspx?page=13": stream error: stream ID 1; CANCEL]
2020-11-10 17:38:52 [ERROR] [Get "https://proxy.coderbusy.com/classical/https-ready.aspx?page=14": stream error: stream ID 1; CANCEL]
2020-11-10 17:38:58 [ERROR] [Get "https://proxy.coderbusy.com/classical/https-ready.aspx?page=15": stream error: stream ID 1; CANCEL]
2020-11-10 17:49:17 [INFO] log initialize finish.
2020-11-10 17:49:17 [INFO] database initialize finish.
2020-11-10 17:49:17 [ERROR] [Get "https://proxy.coderbusy.com/classical/https-ready.aspx?page=1": stream error: stream ID 1; CANCEL]
2020-11-10 17:49:17 [ERROR] GET http://www.ip181.com/ failed, status code:Internal Server Error
2020-11-10 17:49:20 [ERROR] GET http://www.data5u.com/free/index.shtml failed, status code:Forbidden
2020-11-10 17:49:20 [ERROR] can not found correct format ip address in url:http://www.89ip.cn/tiqv.php?sxb=&tqsl=20&ports=&ktip=&xl=on&submit=%CC%E1++%C8%A1
2020-11-10 17:49:24 [ERROR] [Get "http://www.xicidaili.com/nn/1": dial tcp 123.57.85.224:80: connectex: No connection could be made because the target machine actively refused it.]
2020-11-10 17:49:24 [ERROR] [Get "https://proxy.coderbusy.com/classical/https-ready.aspx?page=2": stream error: stream ID 1; CANCEL]
2020-11-10 17:49:30 [ERROR] [Get "https://proxy.coderbusy.com/classical/https-ready.aspx?page=3": stream error: stream ID 1; CANCEL]
2020-11-10 17:49:31 [ERROR] GET http://www.data5u.com/free/gngn/index.shtml failed, status code:Forbidden
2020-11-10 17:49:35 [ERROR] [Get "https://proxy.coderbusy.com/classical/https-ready.aspx?page=4": stream error: stream ID 1; CANCEL]
2020-11-10 17:49:38 [ERROR] [Get "http://www.xicidaili.com/nn/2": dial tcp 123.57.85.224:80: connectex: A connection attempt failed because the connected party did not properly respond after a period of time, or established connection failed because connected host has failed to respond.]
2020-11-10 17:49:41 [ERROR] GET http://www.data5u.com/free/gnpt/index.shtml failed, status code:Forbidden
2020-11-10 17:49:45 [ERROR] [Get "https://proxy.coderbusy.com/classical/https-ready.aspx?page=5": stream error: stream ID 1; CANCEL]
2020-11-10 17:49:51 [ERROR] [Get "http://www.xicidaili.com/nn/3": dial tcp 123.57.85.224:80: connectex: No connection could be made because the target machine actively refused it.]
2020-11-10 17:49:51 [ERROR] GET http://www.data5u.com/free/gwgn/index.shtml failed, status code:Forbidden
2020-11-10 17:49:52 [ERROR] [Get "https://proxy.coderbusy.com/classical/https-ready.aspx?page=6": stream error: stream ID 1; CANCEL]
2020-11-10 17:50:02 [ERROR] [Get "https://proxy.coderbusy.com/classical/https-ready.aspx?page=7": stream error: stream ID 1; CANCEL]
2020-11-10 17:50:04 [ERROR] GET http://www.data5u.com/free/gwpt/index.shtml failed, status code:Forbidden
2020-11-10 17:50:09 [ERROR] [Get "https://proxy.coderbusy.com/classical/https-ready.aspx?page=8": stream error: stream ID 1; CANCEL]
2020-11-10 17:50:16 [ERROR] [Get "https://proxy.coderbusy.com/classical/https-ready.aspx?page=9": stream error: stream ID 1; CANCEL]
2020-11-10 17:50:23 [ERROR] [Get "https://proxy.coderbusy.com/classical/https-ready.aspx?page=10": stream error: stream ID 1; CANCEL]
2020-11-10 17:50:35 [ERROR] [Get "https://proxy.coderbusy.com/classical/https-ready.aspx?page=11": stream error: stream ID 1; CANCEL]
2020-11-10 17:50:44 [ERROR] [Get "https://proxy.coderbusy.com/classical/https-ready.aspx?page=12": stream error: stream ID 1; CANCEL]
2020-11-10 17:50:54 [ERROR] [Get "https://proxy.coderbusy.com/classical/https-ready.aspx?page=13": stream error: stream ID 1; CANCEL]
2020-11-10 17:51:03 [ERROR] [Get "https://proxy.coderbusy.com/classical/https-ready.aspx?page=14": stream error: stream ID 1; CANCEL]
2020-11-10 17:51:09 [ERROR] [Get "https://proxy.coderbusy.com/classical/https-ready.aspx?page=15": stream error: stream ID 1; CANCEL]
2020-11-10 18:02:15 [ERROR] GET http://www.data5u.com/free/index.shtml failed, status code:Forbidden
2020-11-10 18:02:15 [ERROR] GET http://www.ip181.com/ failed, status code:Internal Server Error
2020-11-10 18:02:15 [ERROR] can not found correct format ip address in url:http://www.89ip.cn/tiqv.php?sxb=&tqsl=20&ports=&ktip=&xl=on&submit=%CC%E1++%C8%A1
2020-11-10 18:02:15 [ERROR] [Get "https://proxy.coderbusy.com/classical/https-ready.aspx?page=1": stream error: stream ID 1; CANCEL]
2020-11-10 18:02:24 [ERROR] [Get "http://www.xicidaili.com/nn/1": dial tcp 123.57.85.224:80: connectex: A connection attempt failed because the connected party did not properly respond after a period of time, or established connection failed because connected host has failed to respond.]
2020-11-10 18:02:24 [ERROR] GET http://www.data5u.com/free/gngn/index.shtml failed, status code:Forbidden
2020-11-10 18:02:24 [ERROR] [Get "https://proxy.coderbusy.com/classical/https-ready.aspx?page=2": stream error: stream ID 1; CANCEL]
2020-11-10 18:02:31 [ERROR] [Get "https://proxy.coderbusy.com/classical/https-ready.aspx?page=3": stream error: stream ID 1; CANCEL]
2020-11-10 18:02:33 [ERROR] [Get "http://www.xicidaili.com/nn/2": dial tcp 123.57.85.224:80: connectex: No connection could be made because the target machine actively refused it.]
2020-11-10 18:02:34 [ERROR] GET http://www.data5u.com/free/gnpt/index.shtml failed, status code:Forbidden
2020-11-10 18:02:43 [ERROR] [Get "https://proxy.coderbusy.com/classical/https-ready.aspx?page=4": stream error: stream ID 1; CANCEL]
2020-11-10 18:02:45 [ERROR] GET http://www.data5u.com/free/gwgn/index.shtml failed, status code:Forbidden
2020-11-10 18:02:49 [ERROR] [Get "http://www.xicidaili.com/nn/3": dial tcp 123.57.85.224:80: connectex: No connection could be made because the target machine actively refused it.]
2020-11-10 18:02:54 [ERROR] GET http://www.data5u.com/free/gwpt/index.shtml failed, status code:Forbidden
2020-11-10 18:02:56 [ERROR] [Get "https://proxy.coderbusy.com/classical/https-ready.aspx?page=5": stream error: stream ID 1; CANCEL]
2020-11-10 18:03:08 [ERROR] [Get "https://proxy.coderbusy.com/classical/https-ready.aspx?page=6": stream error: stream ID 1; CANCEL]
2020-11-10 18:03:20 [ERROR] [Get "https://proxy.coderbusy.com/classical/https-ready.aspx?page=7": stream error: stream ID 1; CANCEL]
2020-11-10 18:03:25 [ERROR] [Get "https://proxy.coderbusy.com/classical/https-ready.aspx?page=8": stream error: stream ID 1; CANCEL]
2020-11-10 18:03:36 [ERROR] [Get "https://proxy.coderbusy.com/classical/https-ready.aspx?page=9": stream error: stream ID 1; CANCEL]
2020-11-10 18:03:48 [ERROR] [Get "https://proxy.coderbusy.com/classical/https-ready.aspx?page=10": stream error: stream ID 1; CANCEL]
2020-11-10 18:03:55 [ERROR] [Get "https://proxy.coderbusy.com/classical/https-ready.aspx?page=11": stream error: stream ID 1; CANCEL]
2020-11-10 18:04:08 [ERROR] [Get "https://proxy.coderbusy.com/classical/https-ready.aspx?page=12": stream error: stream ID 1; CANCEL]
2020-11-10 18:04:14 [ERROR] [Get "https://proxy.coderbusy.com/classical/https-ready.aspx?page=13": stream error: stream ID 1; CANCEL]
2020-11-10 18:04:26 [ERROR] [Get "https://proxy.coderbusy.com/classical/https-ready.aspx?page=14": stream error: stream ID 1; CANCEL]
2020-11-10 18:04:34 [ERROR] [Get "https://proxy.coderbusy.com/classical/https-ready.aspx?page=15": stream error: stream ID 1; CANCEL]
2020-11-10 18:14:59 [ERROR] GET http://www.data5u.com/free/index.shtml failed, status code:Forbidden
2020-11-10 18:14:59 [ERROR] GET http://www.ip181.com/ failed, status code:Internal Server Error
2020-11-10 18:14:59 [ERROR] can not found correct format ip address in url:http://www.89ip.cn/tiqv.php?sxb=&tqsl=20&ports=&ktip=&xl=on&submit=%CC%E1++%C8%A1
2020-11-10 18:14:59 [ERROR] [Get "https://proxy.coderbusy.com/classical/https-ready.aspx?page=1": stream error: stream ID 1; CANCEL]
2020-11-10 18:15:01 [ERROR] [Get "http://www.xicidaili.com/nn/1": dial tcp 123.57.85.224:80: connectex: No connection could be made because the target machine actively refused it.]
2020-11-10 18:15:05 [ERROR] GET http://www.data5u.com/free/gngn/index.shtml failed, status code:Forbidden
2020-11-10 18:15:05 [ERROR] [Get "https://proxy.coderbusy.com/classical/https-ready.aspx?page=2": stream error: stream ID 1; CANCEL]
2020-11-10 18:15:12 [ERROR] GET http://www.data5u.com/free/gnpt/index.shtml failed, status code:Forbidden
2020-11-10 18:15:12 [ERROR] [Get "https://proxy.coderbusy.com/classical/https-ready.aspx?page=3": stream error: stream ID 1; CANCEL]
2020-11-10 18:15:16 [ERROR] [Get "http://www.xicidaili.com/nn/2": dial tcp 123.57.85.224:80: connectex: No connection could be made because the target machine actively refused it.]
2020-11-10 18:15:25 [ERROR] [Get "http://www.xicidaili.com/nn/3": dial tcp 123.57.85.224:80: connectex: No connection could be made because the target machine actively refused it.]
2020-11-10 18:15:26 [ERROR] GET http://www.data5u.com/free/gwgn/index.shtml failed, status code:Forbidden
2020-11-10 18:15:27 [ERROR] [Get "https://proxy.coderbusy.com/classical/https-ready.aspx?page=4": stream error: stream ID 1; CANCEL]
2020-11-10 18:15:31 [ERROR] GET http://www.data5u.com/free/gwpt/index.shtml failed, status code:Forbidden
2020-11-10 18:15:35 [ERROR] [Get "https://proxy.coderbusy.com/classical/https-ready.aspx?page=5": stream error: stream ID 1; CANCEL]
2020-11-10 18:15:48 [ERROR] [Get "https://proxy.coderbusy.com/classical/https-ready.aspx?page=6": stream error: stream ID 1; CANCEL]
2020-11-10 18:15:56 [ERROR] [Get "https://proxy.coderbusy.com/classical/https-ready.aspx?page=7": stream error: stream ID 1; CANCEL]
2020-11-10 18:16:05 [ERROR] [Get "https://proxy.coderbusy.com/classical/https-ready.aspx?page=8": stream error: stream ID 1; CANCEL]
2020-11-10 18:16:17 [ERROR] [Get "https://proxy.coderbusy.com/classical/https-ready.aspx?page=9": stream error: stream ID 1; CANCEL]
2020-11-10 18:16:31 [ERROR] [Get "https://proxy.coderbusy.com/classical/https-ready.aspx?page=10": stream error: stream ID 1; CANCEL]
2020-11-10 18:16:40 [ERROR] [Get "https://proxy.coderbusy.com/classical/https-ready.aspx?page=11": stream error: stream ID 1; CANCEL]
2020-11-10 18:16:47 [ERROR] [Get "https://proxy.coderbusy.com/classical/https-ready.aspx?page=12": stream error: stream ID 1; CANCEL]
2020-11-10 18:17:01 [ERROR] [Get "https://proxy.coderbusy.com/classical/https-ready.aspx?page=13": stream error: stream ID 1; CANCEL]
2020-11-10 18:17:07 [ERROR] [Get "https://proxy.coderbusy.com/classical/https-ready.aspx?page=14": stream error: stream ID 1; CANCEL]
2020-11-10 18:17:18 [ERROR] [Get "https://proxy.coderbusy.com/classical/https-ready.aspx?page=15": stream error: stream ID 1; CANCEL]
2020-11-10 18:27:43 [ERROR] GET http://www.data5u.com/free/index.shtml failed, status code:Forbidden
2020-11-10 18:27:43 [ERROR] GET http://www.ip181.com/ failed, status code:Internal Server Error
2020-11-10 18:27:43 [ERROR] can not found correct format ip address in url:http://www.89ip.cn/tiqv.php?sxb=&tqsl=20&ports=&ktip=&xl=on&submit=%CC%E1++%C8%A1
2020-11-10 18:27:43 [ERROR] [Get "https://proxy.coderbusy.com/classical/https-ready.aspx?page=1": stream error: stream ID 1; CANCEL]
2020-11-10 18:27:45 [ERROR] [Get "http://www.xicidaili.com/nn/1": dial tcp 123.57.85.224:80: connectex: No connection could be made because the target machine actively refused it.]
2020-11-10 18:27:56 [ERROR] [Get "http://www.xicidaili.com/nn/2": dial tcp 123.57.85.224:80: connectex: No connection could be made because the target machine actively refused it.]
2020-11-10 18:27:56 [ERROR] GET http://www.data5u.com/free/gngn/index.shtml failed, status code:Forbidden
2020-11-10 18:27:56 [ERROR] [Get "https://proxy.coderbusy.com/classical/https-ready.aspx?page=2": stream error: stream ID 1; CANCEL]
2020-11-10 18:28:01 [ERROR] GET http://www.data5u.com/free/gnpt/index.shtml failed, status code:Forbidden
2020-11-10 18:28:01 [ERROR] [Get "https://proxy.coderbusy.com/classical/https-ready.aspx?page=3": stream error: stream ID 1; CANCEL]
2020-11-10 18:28:03 [ERROR] [Get "http://www.xicidaili.com/nn/3": dial tcp 123.57.85.224:80: connectex: No connection could be made because the target machine actively refused it.]
2020-11-10 18:28:09 [ERROR] GET http://www.data5u.com/free/gwgn/index.shtml failed, status code:Forbidden
2020-11-10 18:28:10 [ERROR] [Get "https://proxy.coderbusy.com/classical/https-ready.aspx?page=4": stream error: stream ID 1; CANCEL]
2020-11-10 18:28:16 [ERROR] GET http://www.data5u.com/free/gwpt/index.shtml failed, status code:Forbidden
2020-11-10 18:28:23 [ERROR] [Get "https://proxy.coderbusy.com/classical/https-ready.aspx?page=5": stream error: stream ID 1; CANCEL]
2020-11-10 18:28:35 [ERROR] [Get "https://proxy.coderbusy.com/classical/https-ready.aspx?page=6": stream error: stream ID 1; CANCEL]
2020-11-10 18:28:42 [ERROR] [Get "https://proxy.coderbusy.com/classical/https-ready.aspx?page=7": stream error: stream ID 1; CANCEL]
2020-11-10 18:28:49 [ERROR] [Get "https://proxy.coderbusy.com/classical/https-ready.aspx?page=8": stream error: stream ID 1; CANCEL]
2020-11-10 18:28:57 [ERROR] [Get "https://proxy.coderbusy.com/classical/https-ready.aspx?page=9": stream error: stream ID 1; CANCEL]
2020-11-10 18:29:07 [ERROR] [Get "https://proxy.coderbusy.com/classical/https-ready.aspx?page=10": stream error: stream ID 1; CANCEL]
2020-11-10 18:29:21 [ERROR] [Get "https://proxy.coderbusy.com/classical/https-ready.aspx?page=11": stream error: stream ID 1; CANCEL]
2020-11-10 18:29:34 [ERROR] [Get "https://proxy.coderbusy.com/classical/https-ready.aspx?page=12": stream error: stream ID 1; CANCEL]
2020-11-10 18:29:39 [ERROR] [Get "https://proxy.coderbusy.com/classical/https-ready.aspx?page=13": stream error: stream ID 1; CANCEL]
2020-11-10 18:29:54 [ERROR] [Get "https://proxy.coderbusy.com/classical/https-ready.aspx?page=14": stream error: stream ID 1; CANCEL]
2020-11-10 18:29:59 [ERROR] [Get "https://proxy.coderbusy.com/classical/https-ready.aspx?page=15": stream error: stream ID 1; CANCEL]
2020-11-10 18:40:25 [ERROR] GET http://www.data5u.com/free/index.shtml failed, status code:Forbidden
2020-11-10 18:40:25 [ERROR] GET http://www.ip181.com/ failed, status code:Internal Server Error
2020-11-10 18:40:26 [ERROR] [Get "https://proxy.coderbusy.com/classical/https-ready.aspx?page=1": stream error: stream ID 1; CANCEL]
2020-11-10 18:40:26 [ERROR] can not found correct format ip address in url:http://www.89ip.cn/tiqv.php?sxb=&tqsl=20&ports=&ktip=&xl=on&submit=%CC%E1++%C8%A1
2020-11-10 18:40:28 [ERROR] [Get "http://www.xicidaili.com/nn/1": dial tcp 123.57.85.224:80: connectex: No connection could be made because the target machine actively refused it.]
2020-11-10 18:40:33 [ERROR] GET http://www.data5u.com/free/gngn/index.shtml failed, status code:Forbidden
2020-11-10 18:40:35 [ERROR] [Get "https://proxy.coderbusy.com/classical/https-ready.aspx?page=2": stream error: stream ID 1; CANCEL]
2020-11-10 18:40:42 [ERROR] [Get "http://www.xicidaili.com/nn/2": dial tcp 123.57.85.224:80: connectex: A connection attempt failed because the connected party did not properly respond after a period of time, or established connection failed because connected host has failed to respond.]
2020-11-10 18:40:44 [ERROR] [Get "https://proxy.coderbusy.com/classical/https-ready.aspx?page=3": stream error: stream ID 1; CANCEL]
2020-11-10 18:40:45 [ERROR] GET http://www.data5u.com/free/gnpt/index.shtml failed, status code:Forbidden
2020-11-10 18:40:50 [ERROR] GET http://www.data5u.com/free/gwgn/index.shtml failed, status code:Forbidden
2020-11-10 18:40:51 [ERROR] [Get "https://proxy.coderbusy.com/classical/https-ready.aspx?page=4": stream error: stream ID 1; CANCEL]
2020-11-10 18:40:56 [ERROR] [Get "https://proxy.coderbusy.com/classical/https-ready.aspx?page=5": stream error: stream ID 1; CANCEL]
2020-11-10 18:40:59 [ERROR] [Get "http://www.xicidaili.com/nn/3": dial tcp 123.57.85.224:80: connectex: No connection could be made because the target machine actively refused it.]
2020-11-10 18:41:03 [ERROR] GET http://www.data5u.com/free/gwpt/index.shtml failed, status code:Forbidden
2020-11-10 18:41:13 [ERROR] [Get "https://proxy.coderbusy.com/classical/https-ready.aspx?page=6": stream error: stream ID 1; CANCEL]
2020-11-10 18:41:21 [ERROR] [Get "https://proxy.coderbusy.com/classical/https-ready.aspx?page=7": stream error: stream ID 1; CANCEL]
2020-11-10 18:41:26 [ERROR] [Get "https://proxy.coderbusy.com/classical/https-ready.aspx?page=8": stream error: stream ID 1; CANCEL]
2020-11-10 18:41:37 [ERROR] [Get "https://proxy.coderbusy.com/classical/https-ready.aspx?page=9": stream error: stream ID 1; CANCEL]
2020-11-10 18:41:52 [ERROR] [Get "https://proxy.coderbusy.com/classical/https-ready.aspx?page=10": stream error: stream ID 1; CANCEL]
2020-11-10 18:42:02 [ERROR] [Get "https://proxy.coderbusy.com/classical/https-ready.aspx?page=11": stream error: stream ID 1; CANCEL]
2020-11-10 18:42:10 [ERROR] [Get "https://proxy.coderbusy.com/classical/https-ready.aspx?page=12": stream error: stream ID 1; CANCEL]
2020-11-10 18:42:20 [ERROR] [Get "https://proxy.coderbusy.com/classical/https-ready.aspx?page=13": stream error: stream ID 1; CANCEL]
2020-11-10 18:42:33 [ERROR] [Get "https://proxy.coderbusy.com/classical/https-ready.aspx?page=14": stream error: stream ID 1; CANCEL]
2020-11-10 18:42:42 [ERROR] [Get "https://proxy.coderbusy.com/classical/https-ready.aspx?page=15": stream error: stream ID 1; CANCEL]
2020-11-10 18:53:14 [ERROR] GET http://www.data5u.com/free/index.shtml failed, status code:Forbidden
2020-11-10 18:53:14 [ERROR] GET http://www.ip181.com/ failed, status code:Internal Server Error
2020-11-10 18:53:14 [ERROR] [Get "https://proxy.coderbusy.com/classical/https-ready.aspx?page=1": stream error: stream ID 1; CANCEL]
2020-11-10 18:53:14 [ERROR] can not found correct format ip address in url:http://www.89ip.cn/tiqv.php?sxb=&tqsl=20&ports=&ktip=&xl=on&submit=%CC%E1++%C8%A1
2020-11-10 18:53:17 [ERROR] [Get "http://www.xicidaili.com/nn/1": dial tcp 123.57.85.224:80: connectex: No connection could be made because the target machine actively refused it.]
2020-11-10 18:53:26 [ERROR] GET http://www.data5u.com/free/gngn/index.shtml failed, status code:Forbidden
2020-11-10 18:53:27 [ERROR] [Get "https://proxy.coderbusy.com/classical/https-ready.aspx?page=2": stream error: stream ID 1; CANCEL]
2020-11-10 18:53:33 [ERROR] [Get "http://www.xicidaili.com/nn/2": dial tcp 123.57.85.224:80: connectex: No connection could be made because the target machine actively refused it.]
2020-11-10 18:53:34 [ERROR] GET http://www.data5u.com/free/gnpt/index.shtml failed, status code:Forbidden
2020-11-10 18:53:40 [ERROR] [Get "https://proxy.coderbusy.com/classical/https-ready.aspx?page=3": stream error: stream ID 1; CANCEL]
2020-11-10 18:53:42 [ERROR] [Get "http://www.xicidaili.com/nn/3": dial tcp 123.57.85.224:80: connectex: No connection could be made because the target machine actively refused it.]
2020-11-10 18:53:48 [ERROR] GET http://www.data5u.com/free/gwgn/index.shtml failed, status code:Forbidden
2020-11-10 18:53:50 [ERROR] [Get "https://proxy.coderbusy.com/classical/https-ready.aspx?page=4": stream error: stream ID 1; CANCEL]
2020-11-10 18:53:55 [ERROR] GET http://www.data5u.com/free/gwpt/index.shtml failed, status code:Forbidden
2020-11-10 18:54:03 [ERROR] [Get "https://proxy.coderbusy.com/classical/https-ready.aspx?page=5": stream error: stream ID 1; CANCEL]
2020-11-10 18:54:09 [ERROR] [Get "https://proxy.coderbusy.com/classical/https-ready.aspx?page=6": stream error: stream ID 1; CANCEL]
2020-11-10 18:54:20 [ERROR] [Get "https://proxy.coderbusy.com/classical/https-ready.aspx?page=7": stream error: stream ID 1; CANCEL]
2020-11-10 18:54:28 [ERROR] [Get "https://proxy.coderbusy.com/classical/https-ready.aspx?page=8": stream error: stream ID 1; CANCEL]
2020-11-10 18:54:40 [ERROR] [Get "https://proxy.coderbusy.com/classical/https-ready.aspx?page=9": stream error: stream ID 1; CANCEL]
2020-11-10 18:54:49 [ERROR] [Get "https://proxy.coderbusy.com/classical/https-ready.aspx?page=10": stream error: stream ID 1; CANCEL]
2020-11-10 18:54:55 [ERROR] [Get "https://proxy.coderbusy.com/classical/https-ready.aspx?page=11": stream error: stream ID 1; CANCEL]
2020-11-10 18:55:04 [ERROR] [Get "https://proxy.coderbusy.com/classical/https-ready.aspx?page=12": stream error: stream ID 1; CANCEL]
2020-11-10 18:55:12 [ERROR] [Get "https://proxy.coderbusy.com/classical/https-ready.aspx?page=13": stream error: stream ID 1; CANCEL]
2020-11-10 18:55:23 [ERROR] [Get "https://proxy.coderbusy.com/classical/https-ready.aspx?page=14": stream error: stream ID 1; CANCEL]
2020-11-10 18:55:29 [ERROR] [Get "https://proxy.coderbusy.com/classical/https-ready.aspx?page=15": stream error: stream ID 1; CANCEL]
2020-11-10 19:05:56 [ERROR] GET http://www.data5u.com/free/index.shtml failed, status code:Forbidden
2020-11-10 19:05:56 [ERROR] GET http://www.ip181.com/ failed, status code:Internal Server Error
2020-11-10 19:05:56 [ERROR] can not found correct format ip address in url:http://www.89ip.cn/tiqv.php?sxb=&tqsl=20&ports=&ktip=&xl=on&submit=%CC%E1++%C8%A1
2020-11-10 19:05:56 [ERROR] [Get "https://proxy.coderbusy.com/classical/https-ready.aspx?page=1": stream error: stream ID 1; CANCEL]
2020-11-10 19:05:58 [ERROR] [Get "http://www.xicidaili.com/nn/1": dial tcp 123.57.85.224:80: connectex: No connection could be made because the target machine actively refused it.]
2020-11-10 19:06:07 [ERROR] [Get "http://www.xicidaili.com/nn/2": dial tcp 123.57.85.224:80: connectex: No connection could be made because the target machine actively refused it.]
2020-11-10 19:06:07 [ERROR] GET http://www.data5u.com/free/gngn/index.shtml failed, status code:Forbidden
2020-11-10 19:06:08 [ERROR] [Get "https://proxy.coderbusy.com/classical/https-ready.aspx?page=2": stream error: stream ID 1; CANCEL]
2020-11-10 19:06:18 [ERROR] GET http://www.data5u.com/free/gnpt/index.shtml failed, status code:Forbidden
2020-11-10 19:06:20 [ERROR] [Get "https://proxy.coderbusy.com/classical/https-ready.aspx?page=3": stream error: stream ID 1; CANCEL]
2020-11-10 19:06:20 [ERROR] [Get "http://www.xicidaili.com/nn/3": dial tcp 123.57.85.224:80: connectex: No connection could be made because the target machine actively refused it.]
2020-11-10 19:06:26 [ERROR] GET http://www.data5u.com/free/gwgn/index.shtml failed, status code:Forbidden
2020-11-10 19:06:29 [ERROR] [Get "https://proxy.coderbusy.com/classical/https-ready.aspx?page=4": stream error: stream ID 1; CANCEL]
2020-11-10 19:06:34 [ERROR] GET http://www.data5u.com/free/gwpt/index.shtml failed, status code:Forbidden
2020-11-10 19:06:43 [ERROR] [Get "https://proxy.coderbusy.com/classical/https-ready.aspx?page=5": stream error: stream ID 1; CANCEL]
2020-11-10 19:06:53 [ERROR] [Get "https://proxy.coderbusy.com/classical/https-ready.aspx?page=6": stream error: stream ID 1; CANCEL]
2020-11-10 19:07:02 [ERROR] [Get "https://proxy.coderbusy.com/classical/https-ready.aspx?page=7": stream error: stream ID 1; CANCEL]
2020-11-10 19:07:12 [ERROR] [Get "https://proxy.coderbusy.com/classical/https-ready.aspx?page=8": stream error: stream ID 1; CANCEL]
2020-11-10 19:07:17 [ERROR] [Get "https://proxy.coderbusy.com/classical/https-ready.aspx?page=9": stream error: stream ID 1; CANCEL]
2020-11-10 19:07:22 [ERROR] [Get "https://proxy.coderbusy.com/classical/https-ready.aspx?page=10": stream error: stream ID 1; CANCEL]
2020-11-10 19:07:30 [ERROR] [Get "https://proxy.coderbusy.com/classical/https-ready.aspx?page=11": stream error: stream ID 1; CANCEL]
2020-11-10 19:07:38 [ERROR] [Get "https://proxy.coderbusy.com/classical/https-ready.aspx?page=12": stream error: stream ID 1; CANCEL]
2020-11-10 19:07:44 [ERROR] [Get "https://proxy.coderbusy.com/classical/https-ready.aspx?page=13": stream error: stream ID 1; CANCEL]
2020-11-10 19:07:58 [ERROR] [Get "https://proxy.coderbusy.com/classical/https-ready.aspx?page=14": stream error: stream ID 1; CANCEL]
2020-11-10 19:08:04 [ERROR] [Get "https://proxy.coderbusy.com/classical/https-ready.aspx?page=15": stream error: stream ID 1; CANCEL]
2020-11-10 19:18:35 [ERROR] GET http://www.data5u.com/free/index.shtml failed, status code:Forbidden
2020-11-10 19:18:35 [ERROR] GET http://www.ip181.com/ failed, status code:Internal Server Error
2020-11-10 19:18:35 [ERROR] can not found correct format ip address in url:http://www.89ip.cn/tiqv.php?sxb=&tqsl=20&ports=&ktip=&xl=on&submit=%CC%E1++%C8%A1
2020-11-10 19:18:35 [ERROR] [Get "https://proxy.coderbusy.com/classical/https-ready.aspx?page=1": stream error: stream ID 1; CANCEL]
2020-11-10 19:18:37 [ERROR] [Get "http://www.xicidaili.com/nn/1": dial tcp 123.57.85.224:80: connectex: No connection could be made because the target machine actively refused it.]
2020-11-10 19:18:48 [ERROR] GET http://www.data5u.com/free/gngn/index.shtml failed, status code:Forbidden
2020-11-10 19:18:49 [ERROR] [Get "https://proxy.coderbusy.com/classical/https-ready.aspx?page=2": stream error: stream ID 1; CANCEL]
2020-11-10 19:18:51 [ERROR] [Get "http://www.xicidaili.com/nn/2": dial tcp 123.57.85.224:80: connectex: No connection could be made because the target machine actively refused it.]
2020-11-10 19:18:59 [ERROR] [Get "https://proxy.coderbusy.com/classical/https-ready.aspx?page=3": stream error: stream ID 1; CANCEL]
2020-11-10 19:19:00 [ERROR] GET http://www.data5u.com/free/gnpt/index.shtml failed, status code:Forbidden
2020-11-10 19:19:05 [ERROR] [Get "https://proxy.coderbusy.com/classical/https-ready.aspx?page=4": stream error: stream ID 1; CANCEL]
2020-11-10 19:19:06 [ERROR] [Get "http://www.xicidaili.com/nn/3": dial tcp 123.57.85.224:80: connectex: No connection could be made because the target machine actively refused it.]
2020-11-10 19:19:10 [ERROR] [Get "https://proxy.coderbusy.com/classical/https-ready.aspx?page=5": stream error: stream ID 1; CANCEL]
2020-11-10 19:19:11 [ERROR] GET http://www.data5u.com/free/gwgn/index.shtml failed, status code:Forbidden
2020-11-10 19:19:16 [ERROR] [Get "https://proxy.coderbusy.com/classical/https-ready.aspx?page=6": stream error: stream ID 1; CANCEL]
2020-11-10 19:19:19 [ERROR] GET http://www.data5u.com/free/gwpt/index.shtml failed, status code:Forbidden
2020-11-10 19:19:26 [ERROR] [Get "https://proxy.coderbusy.com/classical/https-ready.aspx?page=7": stream error: stream ID 1; CANCEL]
2020-11-10 19:19:40 [ERROR] [Get "https://proxy.coderbusy.com/classical/https-ready.aspx?page=8": stream error: stream ID 1; CANCEL]
2020-11-10 19:19:50 [ERROR] [Get "https://proxy.coderbusy.com/classical/https-ready.aspx?page=9": stream error: stream ID 1; CANCEL]
2020-11-10 19:19:59 [ERROR] [Get "https://proxy.coderbusy.com/classical/https-ready.aspx?page=10": stream error: stream ID 1; CANCEL]
2020-11-10 19:20:10 [ERROR] [Get "https://proxy.coderbusy.com/classical/https-ready.aspx?page=11": stream error: stream ID 1; CANCEL]
2020-11-10 19:20:18 [ERROR] [Get "https://proxy.coderbusy.com/classical/https-ready.aspx?page=12": stream error: stream ID 1; CANCEL]
2020-11-10 19:20:31 [ERROR] [Get "https://proxy.coderbusy.com/classical/https-ready.aspx?page=13": stream error: stream ID 1; CANCEL]
2020-11-10 19:20:41 [ERROR] [Get "https://proxy.coderbusy.com/classical/https-ready.aspx?page=14": stream error: stream ID 1; CANCEL]
2020-11-10 19:20:50 [ERROR] [Get "https://proxy.coderbusy.com/classical/https-ready.aspx?page=15": stream error: stream ID 1; CANCEL]
2020-11-10 19:31:27 [ERROR] GET http://www.data5u.com/free/index.shtml failed, status code:Forbidden
2020-11-10 19:31:27 [ERROR] can not found correct format ip address in url:http://www.89ip.cn/tiqv.php?sxb=&tqsl=20&ports=&ktip=&xl=on&submit=%CC%E1++%C8%A1
2020-11-10 19:31:27 [ERROR] [Get "https://proxy.coderbusy.com/classical/https-ready.aspx?page=1": stream error: stream ID 1; CANCEL]
2020-11-10 19:31:27 [ERROR] GET http://www.ip181.com/ failed, status code:Internal Server Error
2020-11-10 19:31:29 [ERROR] [Get "http://www.xicidaili.com/nn/1": dial tcp 123.57.85.224:80: connectex: No connection could be made because the target machine actively refused it.]
2020-11-10 19:31:34 [ERROR] GET http://www.data5u.com/free/gngn/index.shtml failed, status code:Forbidden
2020-11-10 19:31:34 [ERROR] [Get "https://proxy.coderbusy.com/classical/https-ready.aspx?page=2": stream error: stream ID 1; CANCEL]
2020-11-10 19:31:40 [ERROR] GET http://www.data5u.com/free/gnpt/index.shtml failed, status code:Forbidden
2020-11-10 19:31:40 [ERROR] [Get "https://proxy.coderbusy.com/classical/https-ready.aspx?page=3": stream error: stream ID 1; CANCEL]
2020-11-10 19:31:41 [ERROR] [Get "http://www.xicidaili.com/nn/2": dial tcp 123.57.85.224:80: connectex: No connection could be made because the target machine actively refused it.]
2020-11-10 19:31:49 [ERROR] GET http://www.data5u.com/free/gwgn/index.shtml failed, status code:Forbidden
2020-11-10 19:31:50 [ERROR] [Get "https://proxy.coderbusy.com/classical/https-ready.aspx?page=4": stream error: stream ID 1; CANCEL]
2020-11-10 19:31:51 [ERROR] [Get "http://www.xicidaili.com/nn/3": dial tcp 123.57.85.224:80: connectex: No connection could be made because the target machine actively refused it.]
2020-11-10 19:32:03 [ERROR] [Get "https://proxy.coderbusy.com/classical/https-ready.aspx?page=5": stream error: stream ID 1; CANCEL]
2020-11-10 19:32:03 [ERROR] GET http://www.data5u.com/free/gwpt/index.shtml failed, status code:Forbidden
2020-11-10 19:32:09 [ERROR] [Get "https://proxy.coderbusy.com/classical/https-ready.aspx?page=6": stream error: stream ID 1; CANCEL]
2020-11-10 19:32:21 [ERROR] [Get "https://proxy.coderbusy.com/classical/https-ready.aspx?page=7": stream error: stream ID 1; CANCEL]
2020-11-10 19:32:29 [ERROR] [Get "https://proxy.coderbusy.com/classical/https-ready.aspx?page=8": stream error: stream ID 1; CANCEL]
2020-11-10 19:32:42 [ERROR] [Get "https://proxy.coderbusy.com/classical/https-ready.aspx?page=9": stream error: stream ID 1; CANCEL]
2020-11-10 19:32:47 [ERROR] [Get "https://proxy.coderbusy.com/classical/https-ready.aspx?page=10": stream error: stream ID 1; CANCEL]
2020-11-10 19:33:00 [ERROR] [Get "https://proxy.coderbusy.com/classical/https-ready.aspx?page=11": stream error: stream ID 1; CANCEL]
2020-11-10 19:33:06 [ERROR] [Get "https://proxy.coderbusy.com/classical/https-ready.aspx?page=12": stream error: stream ID 1; CANCEL]
2020-11-10 19:33:20 [ERROR] [Get "https://proxy.coderbusy.com/classical/https-ready.aspx?page=13": stream error: stream ID 1; CANCEL]
2020-11-10 19:33:28 [ERROR] [Get "https://proxy.coderbusy.com/classical/https-ready.aspx?page=14": stream error: stream ID 1; CANCEL]
2020-11-10 19:33:37 [ERROR] [Get "https://proxy.coderbusy.com/classical/https-ready.aspx?page=15": stream error: stream ID 1; CANCEL]
2020-11-10 19:44:08 [ERROR] GET http://www.data5u.com/free/index.shtml failed, status code:Forbidden
2020-11-10 19:44:09 [ERROR] [Get "https://proxy.coderbusy.com/classical/https-ready.aspx?page=1": stream error: stream ID 1; CANCEL]
2020-11-10 19:44:09 [ERROR] can not found correct format ip address in url:http://www.89ip.cn/tiqv.php?sxb=&tqsl=20&ports=&ktip=&xl=on&submit=%CC%E1++%C8%A1
2020-11-10 19:44:09 [ERROR] GET http://www.ip181.com/ failed, status code:Internal Server Error
2020-11-10 19:44:11 [ERROR] [Get "http://www.xicidaili.com/nn/1": dial tcp 123.57.85.224:80: connectex: No connection could be made because the target machine actively refused it.]
2020-11-10 19:44:14 [ERROR] GET http://www.data5u.com/free/gngn/index.shtml failed, status code:Forbidden
2020-11-10 19:44:19 [ERROR] [Get "https://proxy.coderbusy.com/classical/https-ready.aspx?page=2": stream error: stream ID 1; CANCEL]
2020-11-10 19:44:21 [ERROR] GET http://www.data5u.com/free/gnpt/index.shtml failed, status code:Forbidden
2020-11-10 19:44:21 [ERROR] [Get "http://www.xicidaili.com/nn/2": dial tcp 123.57.85.224:80: connectex: No connection could be made because the target machine actively refused it.]
2020-11-10 19:44:29 [ERROR] [Get "https://proxy.coderbusy.com/classical/https-ready.aspx?page=3": stream error: stream ID 1; CANCEL]
2020-11-10 19:44:32 [ERROR] GET http://www.data5u.com/free/gwgn/index.shtml failed, status code:Forbidden
2020-11-10 19:44:34 [ERROR] [Get "http://www.xicidaili.com/nn/3": dial tcp 123.57.85.224:80: connectex: No connection could be made because the target machine actively refused it.]
2020-11-10 19:44:37 [ERROR] GET http://www.data5u.com/free/gwpt/index.shtml failed, status code:Forbidden
2020-11-10 19:44:40 [ERROR] [Get "https://proxy.coderbusy.com/classical/https-ready.aspx?page=4": stream error: stream ID 1; CANCEL]
2020-11-10 19:44:48 [ERROR] [Get "https://proxy.coderbusy.com/classical/https-ready.aspx?page=5": stream error: stream ID 1; CANCEL]
2020-11-10 19:44:58 [ERROR] [Get "https://proxy.coderbusy.com/classical/https-ready.aspx?page=6": stream error: stream ID 1; CANCEL]
2020-11-10 19:45:05 [ERROR] [Get "https://proxy.coderbusy.com/classical/https-ready.aspx?page=7": stream error: stream ID 1; CANCEL]
2020-11-10 19:45:11 [ERROR] [Get "https://proxy.coderbusy.com/classical/https-ready.aspx?page=8": stream error: stream ID 1; CANCEL]
2020-11-10 19:45:19 [ERROR] [Get "https://proxy.coderbusy.com/classical/https-ready.aspx?page=9": stream error: stream ID 1; CANCEL]
2020-11-10 19:45:29 [ERROR] [Get "https://proxy.coderbusy.com/classical/https-ready.aspx?page=10": stream error: stream ID 1; CANCEL]
2020-11-10 19:45:37 [ERROR] [Get "https://proxy.coderbusy.com/classical/https-ready.aspx?page=11": stream error: stream ID 1; CANCEL]
2020-11-10 19:45:46 [ERROR] [Get "https://proxy.coderbusy.com/classical/https-ready.aspx?page=12": stream error: stream ID 1; CANCEL]
2020-11-10 19:45:52 [ERROR] [Get "https://proxy.coderbusy.com/classical/https-ready.aspx?page=13": stream error: stream ID 1; CANCEL]
2020-11-10 19:45:57 [ERROR] [Get "https://proxy.coderbusy.com/classical/https-ready.aspx?page=14": stream error: stream ID 1; CANCEL]
2020-11-10 19:46:07 [ERROR] [Get "https://proxy.coderbusy.com/classical/https-ready.aspx?page=15": stream error: stream ID 1; CANCEL]
